<?xml version="1.0" encoding="UTF-8"?>
<testsuite name="com.app.server.service.ContactTypeTestCase" tests="4" skipped="0" failures="0" errors="0" timestamp="2016-01-12T12:41:56" hostname="bef48ae51ba4" time="0.338">
  <properties/>
  <testcase name="test1Save" classname="com.app.server.service.ContactTypeTestCase" time="0.19"/>
  <testcase name="test2Update" classname="com.app.server.service.ContactTypeTestCase" time="0.075"/>
  <testcase name="test3FindById" classname="com.app.server.service.ContactTypeTestCase" time="0.009"/>
  <testcase name="test4Delete" classname="com.app.server.service.ContactTypeTestCase" time="0.064"/>
  <system-out><![CDATA[Setting logged in user info for ADD
In around repository aspect
[EL Fine]: sql: 2016-01-12 12:41:56.779--ClientSession(1521281567)--Connection(1728808874)--Thread(Thread[Test worker,5,main])--INSERT INTO ast_ContactType_M (contactTypeId, contactType, contactTypeDesc, contactTypeIcon, versionId, createdBy, createdDate, updatedBy, updatedDate, activeStatus, txnAccessCode) VALUES (?, ?, ?, ?, ?, ?, ?, ?, ?, ?, ?)
	bind => [C610D402-FE3F-41B2-AD6F-8D2679344429, RLx28n414GuG2udimy63rNuHP2yEle1JubyQdeuZuEm7ELngS5, hq0glepw5AK7ht5GF3GHutuI2QXqmjfN0Rcv1zihcsoOTcP8Sk, jjL5o1uuroF2g3X7IPXf898pQb2lkf4E1oAq0XmFhpI8PH61mj, 1, AAAAA, 2016-01-12 12:41:56.743, null, 2016-01-12 12:41:56.743, 1, null]
In around repository aspect
[EL Fine]: sql: 2016-01-12 12:41:56.925--ClientSession(2131874113)--Connection(1728808874)--Thread(Thread[Test worker,5,main])--SELECT contactTypeId, contactType, contactTypeDesc, contactTypeIcon, versionId, createdBy, createdDate, updatedBy, updatedDate, activeStatus, txnAccessCode FROM ast_ContactType_M WHERE ((activeStatus = ?) AND (contactTypeId = ?))
	bind => [1, C610D402-FE3F-41B2-AD6F-8D2679344429]
Setting logged in user info for UPDATE
In around repository aspect
[EL Fine]: sql: 2016-01-12 12:41:56.929--ClientSession(1765936376)--Connection(1728808874)--Thread(Thread[Test worker,5,main])--SELECT contactTypeId, contactType, contactTypeDesc, contactTypeIcon, versionId, createdBy, createdDate, updatedBy, updatedDate, activeStatus, txnAccessCode FROM ast_ContactType_M WHERE (contactTypeId = ?)
	bind => [C610D402-FE3F-41B2-AD6F-8D2679344429]
[EL Fine]: sql: 2016-01-12 12:41:56.932--ClientSession(1765936376)--Connection(1728808874)--Thread(Thread[Test worker,5,main])--UPDATE ast_ContactType_M SET contactType = ?, contactTypeDesc = ?, contactTypeIcon = ?, updatedBy = ?, versionId = ? WHERE ((contactTypeId = ?) AND (versionId = ?))
	bind => [Sbo6TkZjPQY001PBDEkUKsua4TIflOhvTxzWTfdnNTcKoGNINp, oCimamzt0HADzbdSt5KXAR1IwOoEPSdjFGm3aNWrK34UurDf4e, qHt4evoKAoQ40uwOywEphes2eEDCay28VzBRxr5grR0maSw0o0, AAAAA, 2, C610D402-FE3F-41B2-AD6F-8D2679344429, 1]
In around repository aspect
[EL Fine]: sql: 2016-01-12 12:41:56.999--ClientSession(1475877826)--Connection(1728808874)--Thread(Thread[Test worker,5,main])--SELECT contactTypeId, contactType, contactTypeDesc, contactTypeIcon, versionId, createdBy, createdDate, updatedBy, updatedDate, activeStatus, txnAccessCode FROM ast_ContactType_M WHERE ((activeStatus = ?) AND (contactTypeId = ?))
	bind => [1, C610D402-FE3F-41B2-AD6F-8D2679344429]
In around repository aspect
[EL Fine]: sql: 2016-01-12 12:41:57.008--ClientSession(699009175)--Connection(1728808874)--Thread(Thread[Test worker,5,main])--SELECT contactTypeId, contactType, contactTypeDesc, contactTypeIcon, versionId, createdBy, createdDate, updatedBy, updatedDate, activeStatus, txnAccessCode FROM ast_ContactType_M WHERE (contactTypeId = ?)
	bind => [C610D402-FE3F-41B2-AD6F-8D2679344429]
[EL Fine]: sql: 2016-01-12 12:41:57.01--ClientSession(699009175)--Connection(1728808874)--Thread(Thread[Test worker,5,main])--DELETE FROM ast_ContactType_M WHERE ((contactTypeId = ?) AND (versionId = ?))
	bind => [C610D402-FE3F-41B2-AD6F-8D2679344429, 2]
]]></system-out>
  <system-err><![CDATA[]]></system-err>
</testsuite>
