<?xml version="1.0" encoding="UTF-8"?>
<testsuite name="com.app.server.service.BloodStockTestCase" tests="5" skipped="0" failures="0" errors="0" timestamp="2016-01-12T12:41:44" hostname="bef48ae51ba4" time="0.535">
  <properties/>
  <testcase name="test1Save" classname="com.app.server.service.BloodStockTestCase" time="0.306"/>
  <testcase name="test2Update" classname="com.app.server.service.BloodStockTestCase" time="0.058"/>
  <testcase name="test3FindById" classname="com.app.server.service.BloodStockTestCase" time="0.015"/>
  <testcase name="test3findBybloodGroup" classname="com.app.server.service.BloodStockTestCase" time="0.019"/>
  <testcase name="test4Delete" classname="com.app.server.service.BloodStockTestCase" time="0.135"/>
  <system-out><![CDATA[In around repository aspect
[EL Fine]: sql: 2016-01-12 12:41:44.844--ClientSession(153837709)--Connection(1728808874)--Thread(Thread[Test worker,5,main])--INSERT INTO ast_BloodGroup_M (bloodGroupId, bloodGroup, versionId, createdBy, createdDate, updatedBy, updatedDate, activeStatus, txnAccessCode) VALUES (?, ?, ?, ?, ?, ?, ?, ?, ?)
	bind => [28397711-1FD1-4C36-80A8-BBBDF49EE86F, c8RTVunBjBuZEhCxruKyHJrIEqJNGZKnhf54KWxrdfKxrrVuD0, 1, AAAAA, 2016-01-12 12:41:44.819, null, 2016-01-12 12:41:44.819, 1, null]
Setting logged in user info for ADD
In around repository aspect
[EL Fine]: sql: 2016-01-12 12:41:44.996--ClientSession(1951763562)--Connection(1728808874)--Thread(Thread[Test worker,5,main])--INSERT INTO ast_BloodStock_M (bloodStockId, bloodGroup, noOfUnits, versionId, createdBy, createdDate, updatedBy, updatedDate, activeStatus, txnAccessCode) VALUES (?, ?, ?, ?, ?, ?, ?, ?, ?, ?)
	bind => [7905C592-2C97-468B-9087-2CB9F6433B2F, 28397711-1FD1-4C36-80A8-BBBDF49EE86F, 8301, 1, AAAAA, 2016-01-12 12:41:44.946, null, 2016-01-12 12:41:44.946, 1, null]
In around repository aspect
[EL Fine]: sql: 2016-01-12 12:41:45.122--ClientSession(523817768)--Connection(1728808874)--Thread(Thread[Test worker,5,main])--SELECT bloodStockId, bloodGroup, noOfUnits, versionId, createdBy, createdDate, updatedBy, updatedDate, activeStatus, txnAccessCode FROM ast_BloodStock_M WHERE ((activeStatus = ?) AND (bloodStockId = ?))
	bind => [1, 7905C592-2C97-468B-9087-2CB9F6433B2F]
Setting logged in user info for UPDATE
In around repository aspect
[EL Fine]: sql: 2016-01-12 12:41:45.127--ClientSession(2108814620)--Connection(1728808874)--Thread(Thread[Test worker,5,main])--SELECT bloodStockId, bloodGroup, noOfUnits, versionId, createdBy, createdDate, updatedBy, updatedDate, activeStatus, txnAccessCode FROM ast_BloodStock_M WHERE (bloodStockId = ?)
	bind => [7905C592-2C97-468B-9087-2CB9F6433B2F]
[EL Fine]: sql: 2016-01-12 12:41:45.131--ClientSession(2108814620)--Connection(1728808874)--Thread(Thread[Test worker,5,main])--UPDATE ast_BloodStock_M SET noOfUnits = ?, updatedBy = ?, versionId = ? WHERE ((bloodStockId = ?) AND (versionId = ?))
	bind => [127, AAAAA, 2, 7905C592-2C97-468B-9087-2CB9F6433B2F, 1]
In around repository aspect
[EL Fine]: sql: 2016-01-12 12:41:45.181--ClientSession(1530413551)--Connection(1728808874)--Thread(Thread[Test worker,5,main])--SELECT bloodStockId, bloodGroup, noOfUnits, versionId, createdBy, createdDate, updatedBy, updatedDate, activeStatus, txnAccessCode FROM ast_BloodStock_M WHERE ((activeStatus = ?) AND (bloodStockId = ?))
	bind => [1, 7905C592-2C97-468B-9087-2CB9F6433B2F]
In around repository aspect
[EL Fine]: sql: 2016-01-12 12:41:45.203--ClientSession(1378369635)--Connection(1728808874)--Thread(Thread[Test worker,5,main])--SELECT bloodStockId, bloodGroup, noOfUnits, versionId, createdBy, createdDate, updatedBy, updatedDate, activeStatus, txnAccessCode FROM ast_BloodStock_M WHERE ((activeStatus = ?) AND (bloodGroup = ?))
	bind => [1, 28397711-1FD1-4C36-80A8-BBBDF49EE86F]
In around repository aspect
[EL Fine]: sql: 2016-01-12 12:41:45.213--ClientSession(792242561)--Connection(1728808874)--Thread(Thread[Test worker,5,main])--SELECT bloodStockId, bloodGroup, noOfUnits, versionId, createdBy, createdDate, updatedBy, updatedDate, activeStatus, txnAccessCode FROM ast_BloodStock_M WHERE (bloodStockId = ?)
	bind => [7905C592-2C97-468B-9087-2CB9F6433B2F]
[EL Fine]: sql: 2016-01-12 12:41:45.215--ClientSession(792242561)--Connection(1728808874)--Thread(Thread[Test worker,5,main])--DELETE FROM ast_BloodStock_M WHERE ((bloodStockId = ?) AND (versionId = ?))
	bind => [7905C592-2C97-468B-9087-2CB9F6433B2F, 2]
In around repository aspect
[EL Fine]: sql: 2016-01-12 12:41:45.273--ClientSession(175104781)--Connection(1728808874)--Thread(Thread[Test worker,5,main])--SELECT bloodGroupId, bloodGroup, versionId, createdBy, createdDate, updatedBy, updatedDate, activeStatus, txnAccessCode FROM ast_BloodGroup_M WHERE (bloodGroupId = ?)
	bind => [28397711-1FD1-4C36-80A8-BBBDF49EE86F]
[EL Fine]: sql: 2016-01-12 12:41:45.275--ClientSession(175104781)--Connection(1728808874)--Thread(Thread[Test worker,5,main])--DELETE FROM ast_BloodGroup_M WHERE ((bloodGroupId = ?) AND (versionId = ?))
	bind => [28397711-1FD1-4C36-80A8-BBBDF49EE86F, 1]
]]></system-out>
  <system-err><![CDATA[]]></system-err>
</testsuite>
