<?xml version="1.0" encoding="UTF-8"?>
<testsuite name="com.app.server.service.CommunicationGroupTestCase" tests="4" skipped="0" failures="0" errors="0" timestamp="2016-01-12T12:41:48" hostname="bef48ae51ba4" time="0.27">
  <properties/>
  <testcase name="test1Save" classname="com.app.server.service.CommunicationGroupTestCase" time="0.055"/>
  <testcase name="test2Update" classname="com.app.server.service.CommunicationGroupTestCase" time="0.066"/>
  <testcase name="test3FindById" classname="com.app.server.service.CommunicationGroupTestCase" time="0.008"/>
  <testcase name="test4Delete" classname="com.app.server.service.CommunicationGroupTestCase" time="0.141"/>
  <system-out><![CDATA[Setting logged in user info for ADD
In around repository aspect
[EL Fine]: sql: 2016-01-12 12:41:48.251--ClientSession(408522341)--Connection(1728808874)--Thread(Thread[Test worker,5,main])--INSERT INTO ast_CommunicationGroup_M (commGroupId, commGroupDescription, commGroupName, versionId, createdBy, createdDate, updatedBy, updatedDate, activeStatus, txnAccessCode) VALUES (?, ?, ?, ?, ?, ?, ?, ?, ?, ?)
	bind => [499796CD-59E7-443C-9F01-65FF773BB3F9, h2qeqaYfVsamcFzHQcfseyJNcuOBcpkqQcICcrF9JZl77fncvS, I0N9LH9o60v9aPTPLWZ4HsXSGQX2SQOYIRofPmvMtp7ESVjNrn, 1, AAAAA, 2016-01-12 12:41:48.243, null, 2016-01-12 12:41:48.243, 1, null]
In around repository aspect
[EL Fine]: sql: 2016-01-12 12:41:48.289--ClientSession(477660667)--Connection(1728808874)--Thread(Thread[Test worker,5,main])--SELECT commGroupId, commGroupDescription, commGroupName, versionId, createdBy, createdDate, updatedBy, updatedDate, activeStatus, txnAccessCode FROM ast_CommunicationGroup_M WHERE ((activeStatus = ?) AND (commGroupId = ?))
	bind => [1, 499796CD-59E7-443C-9F01-65FF773BB3F9]
Setting logged in user info for UPDATE
In around repository aspect
[EL Fine]: sql: 2016-01-12 12:41:48.293--ClientSession(278511354)--Connection(1728808874)--Thread(Thread[Test worker,5,main])--SELECT commGroupId, commGroupDescription, commGroupName, versionId, createdBy, createdDate, updatedBy, updatedDate, activeStatus, txnAccessCode FROM ast_CommunicationGroup_M WHERE (commGroupId = ?)
	bind => [499796CD-59E7-443C-9F01-65FF773BB3F9]
[EL Fine]: sql: 2016-01-12 12:41:48.296--ClientSession(278511354)--Connection(1728808874)--Thread(Thread[Test worker,5,main])--UPDATE ast_CommunicationGroup_M SET commGroupDescription = ?, commGroupName = ?, updatedBy = ?, versionId = ? WHERE ((commGroupId = ?) AND (versionId = ?))
	bind => [cj9glWJE2WSWCgeHbUMvlWACbZ6xwDdlvJfiaEPOTx0VQNeJld, ONR68Qbm1jsu07ME8e1XSSwmYj8gr7RsbJUMWHRnZDCYGaCmmB, AAAAA, 2, 499796CD-59E7-443C-9F01-65FF773BB3F9, 1]
In around repository aspect
[EL Fine]: sql: 2016-01-12 12:41:48.353--ClientSession(78462396)--Connection(1728808874)--Thread(Thread[Test worker,5,main])--SELECT commGroupId, commGroupDescription, commGroupName, versionId, createdBy, createdDate, updatedBy, updatedDate, activeStatus, txnAccessCode FROM ast_CommunicationGroup_M WHERE ((activeStatus = ?) AND (commGroupId = ?))
	bind => [1, 499796CD-59E7-443C-9F01-65FF773BB3F9]
In around repository aspect
[EL Fine]: sql: 2016-01-12 12:41:48.362--ClientSession(710258926)--Connection(1728808874)--Thread(Thread[Test worker,5,main])--SELECT commGroupId, commGroupDescription, commGroupName, versionId, createdBy, createdDate, updatedBy, updatedDate, activeStatus, txnAccessCode FROM ast_CommunicationGroup_M WHERE (commGroupId = ?)
	bind => [499796CD-59E7-443C-9F01-65FF773BB3F9]
[EL Fine]: sql: 2016-01-12 12:41:48.364--ClientSession(710258926)--Connection(1728808874)--Thread(Thread[Test worker,5,main])--DELETE FROM ast_CommunicationGroup_M WHERE ((commGroupId = ?) AND (versionId = ?))
	bind => [499796CD-59E7-443C-9F01-65FF773BB3F9, 2]
]]></system-out>
  <system-err><![CDATA[]]></system-err>
</testsuite>
