<?xml version="1.0" encoding="UTF-8"?>
<testsuite name="com.app.server.service.TitleTestCase" tests="4" skipped="0" failures="0" errors="0" timestamp="2016-01-12T12:41:58" hostname="bef48ae51ba4" time="0.213">
  <properties/>
  <testcase name="test1Save" classname="com.app.server.service.TitleTestCase" time="0.072"/>
  <testcase name="test2Update" classname="com.app.server.service.TitleTestCase" time="0.074"/>
  <testcase name="test3FindById" classname="com.app.server.service.TitleTestCase" time="0.008"/>
  <testcase name="test4Delete" classname="com.app.server.service.TitleTestCase" time="0.058"/>
  <system-out><![CDATA[Setting logged in user info for ADD
In around repository aspect
[EL Fine]: sql: 2016-01-12 12:41:58.867--ClientSession(1761342827)--Connection(1728808874)--Thread(Thread[Test worker,5,main])--INSERT INTO ast_Title_M (titleId, titles, versionId, createdBy, createdDate, updatedBy, updatedDate, activeStatus, txnAccessCode) VALUES (?, ?, ?, ?, ?, ?, ?, ?, ?)
	bind => [9153D026-DA00-448E-9DD6-26A645CFE65D, Z71JacUaKml4LJxUCGRy0i2EtVGcTbula0I796khSESOYPRttr, 1, AAAAA, 2016-01-12 12:41:58.86, null, 2016-01-12 12:41:58.86, 1, null]
In around repository aspect
[EL Fine]: sql: 2016-01-12 12:41:58.926--ClientSession(1040162459)--Connection(1728808874)--Thread(Thread[Test worker,5,main])--SELECT titleId, titles, versionId, createdBy, createdDate, updatedBy, updatedDate, activeStatus, txnAccessCode FROM ast_Title_M WHERE ((activeStatus = ?) AND (titleId = ?))
	bind => [1, 9153D026-DA00-448E-9DD6-26A645CFE65D]
Setting logged in user info for UPDATE
In around repository aspect
[EL Fine]: sql: 2016-01-12 12:41:58.931--ClientSession(1623549649)--Connection(1728808874)--Thread(Thread[Test worker,5,main])--SELECT titleId, titles, versionId, createdBy, createdDate, updatedBy, updatedDate, activeStatus, txnAccessCode FROM ast_Title_M WHERE (titleId = ?)
	bind => [9153D026-DA00-448E-9DD6-26A645CFE65D]
[EL Fine]: sql: 2016-01-12 12:41:58.934--ClientSession(1623549649)--Connection(1728808874)--Thread(Thread[Test worker,5,main])--UPDATE ast_Title_M SET titles = ?, updatedBy = ?, versionId = ? WHERE ((titleId = ?) AND (versionId = ?))
	bind => [fM0csD6vx5oUQ3jY3krbFKjV1aeZJ7VFBB6Tc02cgeLwF4Ky1O, AAAAA, 2, 9153D026-DA00-448E-9DD6-26A645CFE65D, 1]
In around repository aspect
[EL Fine]: sql: 2016-01-12 12:41:58.999--ClientSession(2029743361)--Connection(1728808874)--Thread(Thread[Test worker,5,main])--SELECT titleId, titles, versionId, createdBy, createdDate, updatedBy, updatedDate, activeStatus, txnAccessCode FROM ast_Title_M WHERE ((activeStatus = ?) AND (titleId = ?))
	bind => [1, 9153D026-DA00-448E-9DD6-26A645CFE65D]
In around repository aspect
[EL Fine]: sql: 2016-01-12 12:41:59.008--ClientSession(1758516545)--Connection(1728808874)--Thread(Thread[Test worker,5,main])--SELECT titleId, titles, versionId, createdBy, createdDate, updatedBy, updatedDate, activeStatus, txnAccessCode FROM ast_Title_M WHERE (titleId = ?)
	bind => [9153D026-DA00-448E-9DD6-26A645CFE65D]
[EL Fine]: sql: 2016-01-12 12:41:59.01--ClientSession(1758516545)--Connection(1728808874)--Thread(Thread[Test worker,5,main])--DELETE FROM ast_Title_M WHERE ((titleId = ?) AND (versionId = ?))
	bind => [9153D026-DA00-448E-9DD6-26A645CFE65D, 2]
]]></system-out>
  <system-err><![CDATA[]]></system-err>
</testsuite>
