<?xml version="1.0" encoding="UTF-8"?>
<testsuite name="com.app.server.service.BloodGroupTestCase" tests="4" skipped="0" failures="0" errors="0" timestamp="2016-01-12T12:41:56" hostname="bef48ae51ba4" time="0.296">
  <properties/>
  <testcase name="test1Save" classname="com.app.server.service.BloodGroupTestCase" time="0.064"/>
  <testcase name="test2Update" classname="com.app.server.service.BloodGroupTestCase" time="0.041"/>
  <testcase name="test3FindById" classname="com.app.server.service.BloodGroupTestCase" time="0.009"/>
  <testcase name="test4Delete" classname="com.app.server.service.BloodGroupTestCase" time="0.18"/>
  <system-out><![CDATA[Setting logged in user info for ADD
In around repository aspect
[EL Fine]: sql: 2016-01-12 12:41:56.275--ClientSession(1444041200)--Connection(1728808874)--Thread(Thread[Test worker,5,main])--INSERT INTO ast_BloodGroup_M (bloodGroupId, bloodGroup, versionId, createdBy, createdDate, updatedBy, updatedDate, activeStatus, txnAccessCode) VALUES (?, ?, ?, ?, ?, ?, ?, ?, ?)
	bind => [29A80C49-63D8-49BB-8E9B-9228D08FAB96, P5JygrLzy6jWoQs9pJbXDVlM4YhABxeaiLH5TaNOTCUeWaQPkh, 1, AAAAA, 2016-01-12 12:41:56.269, null, 2016-01-12 12:41:56.269, 1, null]
In around repository aspect
[EL Fine]: sql: 2016-01-12 12:41:56.328--ClientSession(890946588)--Connection(1728808874)--Thread(Thread[Test worker,5,main])--SELECT bloodGroupId, bloodGroup, versionId, createdBy, createdDate, updatedBy, updatedDate, activeStatus, txnAccessCode FROM ast_BloodGroup_M WHERE ((activeStatus = ?) AND (bloodGroupId = ?))
	bind => [1, 29A80C49-63D8-49BB-8E9B-9228D08FAB96]
Setting logged in user info for UPDATE
In around repository aspect
[EL Fine]: sql: 2016-01-12 12:41:56.332--ClientSession(924495771)--Connection(1728808874)--Thread(Thread[Test worker,5,main])--SELECT bloodGroupId, bloodGroup, versionId, createdBy, createdDate, updatedBy, updatedDate, activeStatus, txnAccessCode FROM ast_BloodGroup_M WHERE (bloodGroupId = ?)
	bind => [29A80C49-63D8-49BB-8E9B-9228D08FAB96]
[EL Fine]: sql: 2016-01-12 12:41:56.334--ClientSession(924495771)--Connection(1728808874)--Thread(Thread[Test worker,5,main])--UPDATE ast_BloodGroup_M SET bloodGroup = ?, updatedBy = ?, versionId = ? WHERE ((bloodGroupId = ?) AND (versionId = ?))
	bind => [X7pMR0xTBBKabWJ1qsb0VlE9tQIQT2RR5Kaxle8Zmu8QKezmfx, AAAAA, 2, 29A80C49-63D8-49BB-8E9B-9228D08FAB96, 1]
In around repository aspect
[EL Fine]: sql: 2016-01-12 12:41:56.37--ClientSession(619903868)--Connection(1728808874)--Thread(Thread[Test worker,5,main])--SELECT bloodGroupId, bloodGroup, versionId, createdBy, createdDate, updatedBy, updatedDate, activeStatus, txnAccessCode FROM ast_BloodGroup_M WHERE ((activeStatus = ?) AND (bloodGroupId = ?))
	bind => [1, 29A80C49-63D8-49BB-8E9B-9228D08FAB96]
In around repository aspect
[EL Fine]: sql: 2016-01-12 12:41:56.379--ClientSession(87825361)--Connection(1728808874)--Thread(Thread[Test worker,5,main])--SELECT bloodGroupId, bloodGroup, versionId, createdBy, createdDate, updatedBy, updatedDate, activeStatus, txnAccessCode FROM ast_BloodGroup_M WHERE (bloodGroupId = ?)
	bind => [29A80C49-63D8-49BB-8E9B-9228D08FAB96]
[EL Fine]: sql: 2016-01-12 12:41:56.382--ClientSession(87825361)--Connection(1728808874)--Thread(Thread[Test worker,5,main])--DELETE FROM ast_BloodGroup_M WHERE ((bloodGroupId = ?) AND (versionId = ?))
	bind => [29A80C49-63D8-49BB-8E9B-9228D08FAB96, 2]
]]></system-out>
  <system-err><![CDATA[]]></system-err>
</testsuite>
