<?xml version="1.0" encoding="UTF-8"?>
<testsuite name="com.app.server.service.CountryTestCase" tests="4" skipped="0" failures="0" errors="0" timestamp="2016-01-12T12:41:21" hostname="bef48ae51ba4" time="20.25">
  <properties/>
  <testcase name="test1Save" classname="com.app.server.service.CountryTestCase" time="20.109"/>
  <testcase name="test2Update" classname="com.app.server.service.CountryTestCase" time="0.057"/>
  <testcase name="test3FindById" classname="com.app.server.service.CountryTestCase" time="0.013"/>
  <testcase name="test4Delete" classname="com.app.server.service.CountryTestCase" time="0.069"/>
  <system-out><![CDATA[[EL Config]: metadata: 2016-01-12 12:41:28.994--ServerSession(1657095563)--Thread(Thread[Test worker,5,main])--The access type for the persistent class [class com.athena.shared.entity.ArtEntity] is set to [FIELD].
[EL Config]: metadata: 2016-01-12 12:41:29.016--ServerSession(1657095563)--Thread(Thread[Test worker,5,main])--The access type for the persistent class [class com.athena.shared.entity.AuditPropertiesEntity] is set to [FIELD].
[EL Config]: metadata: 2016-01-12 12:41:29.017--ServerSession(1657095563)--Thread(Thread[Test worker,5,main])--The access type for the persistent class [class com.athena.shared.entity.query.ArtQuery] is set to [FIELD].
[EL Config]: metadata: 2016-01-12 12:41:29.02--ServerSession(1657095563)--Thread(Thread[Test worker,5,main])--The access type for the persistent class [class com.app.shared.location.Currency] is set to [FIELD].
[EL Config]: metadata: 2016-01-12 12:41:29.023--ServerSession(1657095563)--Thread(Thread[Test worker,5,main])--The access type for the persistent class [class com.athena.shared.entity.query.ArtMenu] is set to [FIELD].
[EL Config]: metadata: 2016-01-12 12:41:29.025--ServerSession(1657095563)--Thread(Thread[Test worker,5,main])--The access type for the persistent class [class com.app.shared.bloodbank.RegisterACamp] is set to [FIELD].
[EL Config]: metadata: 2016-01-12 12:41:29.031--ServerSession(1657095563)--Thread(Thread[Test worker,5,main])--The target entity (reference) class for the one to one mapping element [field address] is being defaulted to: class com.app.shared.location.Address.
[EL Config]: metadata: 2016-01-12 12:41:29.032--ServerSession(1657095563)--Thread(Thread[Test worker,5,main])--The access type for the persistent class [class com.app.shared.bloodbank.BloodStock] is set to [FIELD].
[EL Config]: metadata: 2016-01-12 12:41:29.032--ServerSession(1657095563)--Thread(Thread[Test worker,5,main])--The access type for the persistent class [class com.athena.shared.entity.query.ArtTableEntityRelation] is set to [FIELD].
[EL Config]: metadata: 2016-01-12 12:41:29.033--ServerSession(1657095563)--Thread(Thread[Test worker,5,main])--The target entity (reference) class for the one to one mapping element [field reffKeyDetails] is being defaulted to: class com.athena.shared.entity.query.ArtTableFieldDetails.
[EL Config]: metadata: 2016-01-12 12:41:29.034--ServerSession(1657095563)--Thread(Thread[Test worker,5,main])--The target entity (reference) class for the one to one mapping element [field owingKeyDetails] is being defaulted to: class com.athena.shared.entity.query.ArtTableFieldDetails.
[EL Config]: metadata: 2016-01-12 12:41:29.034--ServerSession(1657095563)--Thread(Thread[Test worker,5,main])--The target entity (reference) class for the one to one mapping element [field reffTableDetails] is being defaulted to: class com.athena.shared.entity.query.ArtTableDetails.
[EL Config]: metadata: 2016-01-12 12:41:29.035--ServerSession(1657095563)--Thread(Thread[Test worker,5,main])--The target entity (reference) class for the many to one mapping element [field owningTableDetails] is being defaulted to: class com.athena.shared.entity.query.ArtTableDetails.
[EL Config]: metadata: 2016-01-12 12:41:29.036--ServerSession(1657095563)--Thread(Thread[Test worker,5,main])--The access type for the persistent class [class com.app.shared.bloodbank.ClinicalInfo] is set to [FIELD].
[EL Config]: metadata: 2016-01-12 12:41:29.037--ServerSession(1657095563)--Thread(Thread[Test worker,5,main])--The target entity (reference) class for the one to one mapping element [field donorVisit] is being defaulted to: class com.app.shared.bloodbank.DonorVisit.
[EL Config]: metadata: 2016-01-12 12:41:29.037--ServerSession(1657095563)--Thread(Thread[Test worker,5,main])--The access type for the persistent class [class com.athena.cloud.shared.entity.CloudDriveTags] is set to [FIELD].
[EL Config]: metadata: 2016-01-12 12:41:29.042--ServerSession(1657095563)--Thread(Thread[Test worker,5,main])--The target entity (reference) class for the one to many mapping element [field awsCloudDriveTagFiles] is being defaulted to: class com.athena.cloud.shared.entity.CloudDriveTagFiles.
[EL Config]: metadata: 2016-01-12 12:41:29.043--ServerSession(1657095563)--Thread(Thread[Test worker,5,main])--The access type for the persistent class [class com.app.shared.bloodbank.DonorVisit] is set to [FIELD].
[EL Config]: metadata: 2016-01-12 12:41:29.043--ServerSession(1657095563)--Thread(Thread[Test worker,5,main])--The target entity (reference) class for the one to one mapping element [field clinicalInfo] is being defaulted to: class com.app.shared.bloodbank.ClinicalInfo.
[EL Config]: metadata: 2016-01-12 12:41:29.044--ServerSession(1657095563)--Thread(Thread[Test worker,5,main])--The access type for the persistent class [class com.athena.shared.entity.report.ArtServiceOperation] is set to [FIELD].
[EL Config]: metadata: 2016-01-12 12:41:29.044--ServerSession(1657095563)--Thread(Thread[Test worker,5,main])--The target entity (reference) class for the many to one mapping element [field artservice] is being defaulted to: class com.athena.shared.entity.report.ArtService.
[EL Config]: metadata: 2016-01-12 12:41:29.045--ServerSession(1657095563)--Thread(Thread[Test worker,5,main])--The access type for the persistent class [class com.athena.shared.entity.report.ArtChartTemplate] is set to [FIELD].
[EL Config]: metadata: 2016-01-12 12:41:29.046--ServerSession(1657095563)--Thread(Thread[Test worker,5,main])--The access type for the persistent class [class com.athena.cloud.shared.entity.CloudDriveFiles] is set to [FIELD].
[EL Config]: metadata: 2016-01-12 12:41:29.047--ServerSession(1657095563)--Thread(Thread[Test worker,5,main])--The target entity (reference) class for the many to many mapping element [field tags] is being defaulted to: class com.athena.cloud.shared.entity.CloudDriveTags.
[EL Config]: metadata: 2016-01-12 12:41:29.048--ServerSession(1657095563)--Thread(Thread[Test worker,5,main])--The target entity (reference) class for the one to one mapping element [field contentType] is being defaulted to: class com.athena.cloud.shared.entity.CloudDriveContentType.
[EL Config]: metadata: 2016-01-12 12:41:29.049--ServerSession(1657095563)--Thread(Thread[Test worker,5,main])--The access type for the persistent class [class com.athena.shared.entity.query.ArtTableDetails] is set to [FIELD].
[EL Config]: metadata: 2016-01-12 12:41:29.049--ServerSession(1657095563)--Thread(Thread[Test worker,5,main])--The target entity (reference) class for the one to many mapping element [field entityRelations] is being defaulted to: class com.athena.shared.entity.query.ArtTableEntityRelation.
[EL Config]: metadata: 2016-01-12 12:41:29.049--ServerSession(1657095563)--Thread(Thread[Test worker,5,main])--The target entity (reference) class for the one to many mapping element [field artTableFieldDetail] is being defaulted to: class com.athena.shared.entity.query.ArtTableFieldDetails.
[EL Config]: metadata: 2016-01-12 12:41:29.05--ServerSession(1657095563)--Thread(Thread[Test worker,5,main])--The access type for the persistent class [class com.app.shared.contacts.CommunicationGroup] is set to [FIELD].
[EL Config]: metadata: 2016-01-12 12:41:29.051--ServerSession(1657095563)--Thread(Thread[Test worker,5,main])--The access type for the persistent class [class com.app.shared.location.District] is set to [FIELD].
[EL Config]: metadata: 2016-01-12 12:41:29.052--ServerSession(1657095563)--Thread(Thread[Test worker,5,main])--The access type for the persistent class [class com.app.shared.authorization.UserRoleBridge] is set to [FIELD].
[EL Config]: metadata: 2016-01-12 12:41:29.052--ServerSession(1657095563)--Thread(Thread[Test worker,5,main])--The access type for the persistent class [class com.athena.shared.entity.report.ArtChartCategory] is set to [FIELD].
[EL Config]: metadata: 2016-01-12 12:41:29.053--ServerSession(1657095563)--Thread(Thread[Test worker,5,main])--The target entity (reference) class for the one to one mapping element [field chart_json_id] is being defaulted to: class com.athena.shared.entity.report.ArtChartJson.
[EL Config]: metadata: 2016-01-12 12:41:29.054--ServerSession(1657095563)--Thread(Thread[Test worker,5,main])--The access type for the persistent class [class com.app.shared.bloodbank.RegisterADonor] is set to [FIELD].
[EL Config]: metadata: 2016-01-12 12:41:29.054--ServerSession(1657095563)--Thread(Thread[Test worker,5,main])--The target entity (reference) class for the one to one mapping element [field address] is being defaulted to: class com.app.shared.location.Address.
[EL Config]: metadata: 2016-01-12 12:41:29.055--ServerSession(1657095563)--Thread(Thread[Test worker,5,main])--The access type for the persistent class [class com.app.shared.contacts.ContactType] is set to [FIELD].
[EL Config]: metadata: 2016-01-12 12:41:29.055--ServerSession(1657095563)--Thread(Thread[Test worker,5,main])--The access type for the persistent class [class com.athena.shared.entity.report.ArtChartJson] is set to [FIELD].
[EL Config]: metadata: 2016-01-12 12:41:29.056--ServerSession(1657095563)--Thread(Thread[Test worker,5,main])--The target entity (reference) class for the one to one mapping element [field data_field_id] is being defaulted to: class com.athena.shared.entity.report.ArtChartDataFieldJson.
[EL Config]: metadata: 2016-01-12 12:41:29.057--ServerSession(1657095563)--Thread(Thread[Test worker,5,main])--The access type for the persistent class [class com.app.shared.contacts.CommunicationData] is set to [FIELD].
[EL Config]: metadata: 2016-01-12 12:41:29.057--ServerSession(1657095563)--Thread(Thread[Test worker,5,main])--The access type for the persistent class [class com.spartan.healthmeter.entity.ZenHealthGauge] is set to [FIELD].
[EL Config]: metadata: 2016-01-12 12:41:29.058--ServerSession(1657095563)--Thread(Thread[Test worker,5,main])--The access type for the persistent class [class com.app.shared.authentication.Question] is set to [FIELD].
[EL Config]: metadata: 2016-01-12 12:41:29.059--ServerSession(1657095563)--Thread(Thread[Test worker,5,main])--The access type for the persistent class [class com.app.shared.bloodbank.BloodGroup] is set to [FIELD].
[EL Config]: metadata: 2016-01-12 12:41:29.059--ServerSession(1657095563)--Thread(Thread[Test worker,5,main])--The access type for the persistent class [class com.athena.cloud.shared.entity.CloudDriveContentType] is set to [FIELD].
[EL Config]: metadata: 2016-01-12 12:41:29.059--ServerSession(1657095563)--Thread(Thread[Test worker,5,main])--The access type for the persistent class [class com.app.shared.authentication.SessionData] is set to [FIELD].
[EL Config]: metadata: 2016-01-12 12:41:29.06--ServerSession(1657095563)--Thread(Thread[Test worker,5,main])--The access type for the persistent class [class com.athena.shared.entity.report.ArtChartProperties] is set to [FIELD].
[EL Config]: metadata: 2016-01-12 12:41:29.061--ServerSession(1657095563)--Thread(Thread[Test worker,5,main])--The access type for the persistent class [class com.app.shared.location.Country] is set to [FIELD].
[EL Config]: metadata: 2016-01-12 12:41:29.062--ServerSession(1657095563)--Thread(Thread[Test worker,5,main])--The access type for the persistent class [class com.athena.shared.entity.query.ArtUserLastStatus] is set to [FIELD].
[EL Config]: metadata: 2016-01-12 12:41:29.063--ServerSession(1657095563)--Thread(Thread[Test worker,5,main])--The access type for the persistent class [class com.app.shared.location.Village] is set to [FIELD].
[EL Config]: metadata: 2016-01-12 12:41:29.064--ServerSession(1657095563)--Thread(Thread[Test worker,5,main])--The access type for the persistent class [class com.athena.shared.entity.query.ArtMasterForm] is set to [FIELD].
[EL Config]: metadata: 2016-01-12 12:41:29.065--ServerSession(1657095563)--Thread(Thread[Test worker,5,main])--The access type for the persistent class [class com.app.shared.authentication.Login] is set to [FIELD].
[EL Config]: metadata: 2016-01-12 12:41:29.065--ServerSession(1657095563)--Thread(Thread[Test worker,5,main])--The target entity (reference) class for the one to one mapping element [field coreContacts] is being defaulted to: class com.app.shared.contacts.CoreContacts.
[EL Config]: metadata: 2016-01-12 12:41:29.066--ServerSession(1657095563)--Thread(Thread[Test worker,5,main])--The target entity (reference) class for the one to one mapping element [field user] is being defaulted to: class com.app.shared.authentication.User.
[EL Config]: metadata: 2016-01-12 12:41:29.066--ServerSession(1657095563)--Thread(Thread[Test worker,5,main])--The access type for the persistent class [class com.athena.deo.model.AwsExternalIntegration] is set to [FIELD].
[EL Config]: metadata: 2016-01-12 12:41:29.067--ServerSession(1657095563)--Thread(Thread[Test worker,5,main])--The access type for the persistent class [class com.athena.shared.entity.query.ArtUserMenu] is set to [FIELD].
[EL Config]: metadata: 2016-01-12 12:41:29.068--ServerSession(1657095563)--Thread(Thread[Test worker,5,main])--The access type for the persistent class [class com.athena.cloud.shared.entity.CloudDriveTagShared] is set to [FIELD].
[EL Config]: metadata: 2016-01-12 12:41:29.068--ServerSession(1657095563)--Thread(Thread[Test worker,5,main])--The target entity (reference) class for the one to one mapping element [field tags] is being defaulted to: class com.athena.cloud.shared.entity.CloudDriveTags.
[EL Config]: metadata: 2016-01-12 12:41:29.069--ServerSession(1657095563)--Thread(Thread[Test worker,5,main])--The access type for the persistent class [class com.app.shared.authorization.AppMenus] is set to [FIELD].
[EL Config]: metadata: 2016-01-12 12:41:29.069--ServerSession(1657095563)--Thread(Thread[Test worker,5,main])--The access type for the persistent class [class com.app.shared.location.Taluka] is set to [FIELD].
[EL Config]: metadata: 2016-01-12 12:41:29.07--ServerSession(1657095563)--Thread(Thread[Test worker,5,main])--The access type for the persistent class [class com.spartan.healthmeter.entity.HealthSchedulerConfiguration] is set to [FIELD].
[EL Config]: metadata: 2016-01-12 12:41:29.071--ServerSession(1657095563)--Thread(Thread[Test worker,5,main])--The access type for the persistent class [class com.athena.cloud.shared.entity.CloudDriveFileVersion] is set to [FIELD].
[EL Config]: metadata: 2016-01-12 12:41:29.071--ServerSession(1657095563)--Thread(Thread[Test worker,5,main])--The target entity (reference) class for the one to one mapping element [field file] is being defaulted to: class com.athena.cloud.shared.entity.CloudDriveFiles.
[EL Config]: metadata: 2016-01-12 12:41:29.072--ServerSession(1657095563)--Thread(Thread[Test worker,5,main])--The access type for the persistent class [class com.app.shared.authentication.UserData] is set to [FIELD].
[EL Config]: metadata: 2016-01-12 12:41:29.072--ServerSession(1657095563)--Thread(Thread[Test worker,5,main])--The target entity (reference) class for the one to one mapping element [field user] is being defaulted to: class com.app.shared.authentication.User.
[EL Config]: metadata: 2016-01-12 12:41:29.073--ServerSession(1657095563)--Thread(Thread[Test worker,5,main])--The access type for the persistent class [class com.spartan.healthmeter.entity.ZenSchedulerHealth] is set to [FIELD].
[EL Config]: metadata: 2016-01-12 12:41:29.074--ServerSession(1657095563)--Thread(Thread[Test worker,5,main])--The access type for the persistent class [class com.athena.shared.entity.report.ArtChartType] is set to [FIELD].
[EL Config]: metadata: 2016-01-12 12:41:29.075--ServerSession(1657095563)--Thread(Thread[Test worker,5,main])--The target entity (reference) class for the one to one mapping element [field chart_id] is being defaulted to: class com.athena.shared.entity.report.ArtChartCategory.
[EL Config]: metadata: 2016-01-12 12:41:29.075--ServerSession(1657095563)--Thread(Thread[Test worker,5,main])--The access type for the persistent class [class com.app.shared.customers.AppCustomerCategory] is set to [FIELD].
[EL Config]: metadata: 2016-01-12 12:41:29.076--ServerSession(1657095563)--Thread(Thread[Test worker,5,main])--The access type for the persistent class [class com.app.shared.contacts.Gender] is set to [FIELD].
[EL Config]: metadata: 2016-01-12 12:41:29.076--ServerSession(1657095563)--Thread(Thread[Test worker,5,main])--The access type for the persistent class [class com.app.shared.contacts.CoreContacts] is set to [FIELD].
[EL Config]: metadata: 2016-01-12 12:41:29.077--ServerSession(1657095563)--Thread(Thread[Test worker,5,main])--The target entity (reference) class for the one to one mapping element [field timezone] is being defaulted to: class com.app.shared.location.Timezone.
[EL Config]: metadata: 2016-01-12 12:41:29.077--ServerSession(1657095563)--Thread(Thread[Test worker,5,main])--The target entity (reference) class for the one to many mapping element [field address] is being defaulted to: class com.app.shared.location.Address.
[EL Config]: metadata: 2016-01-12 12:41:29.078--ServerSession(1657095563)--Thread(Thread[Test worker,5,main])--The target entity (reference) class for the one to many mapping element [field communicationData] is being defaulted to: class com.app.shared.contacts.CommunicationData.
[EL Config]: metadata: 2016-01-12 12:41:29.078--ServerSession(1657095563)--Thread(Thread[Test worker,5,main])--The access type for the persistent class [class com.app.shared.authentication.LoginSession] is set to [FIELD].
[EL Config]: metadata: 2016-01-12 12:41:29.079--ServerSession(1657095563)--Thread(Thread[Test worker,5,main])--The access type for the persistent class [class com.athena.shared.entity.query.ArtDatabaseFunction] is set to [FIELD].
[EL Config]: metadata: 2016-01-12 12:41:29.08--ServerSession(1657095563)--Thread(Thread[Test worker,5,main])--The access type for the persistent class [class com.athena.shared.entity.report.ArtChartPropLanguage] is set to [FIELD].
[EL Config]: metadata: 2016-01-12 12:41:29.081--ServerSession(1657095563)--Thread(Thread[Test worker,5,main])--The target entity (reference) class for the one to one mapping element [field property_id] is being defaulted to: class com.athena.shared.entity.report.ArtChartProperties.
[EL Config]: metadata: 2016-01-12 12:41:29.081--ServerSession(1657095563)--Thread(Thread[Test worker,5,main])--The target entity (reference) class for the one to one mapping element [field lang_id] is being defaulted to: class com.athena.shared.entity.report.ArtLangMaster.
[EL Config]: metadata: 2016-01-12 12:41:29.082--ServerSession(1657095563)--Thread(Thread[Test worker,5,main])--The access type for the persistent class [class com.spartan.shield.server.entity.AppSessionConfig] is set to [FIELD].
[EL Config]: metadata: 2016-01-12 12:41:29.082--ServerSession(1657095563)--Thread(Thread[Test worker,5,main])--The access type for the persistent class [class com.athena.shared.entity.report.ArtLangMaster] is set to [FIELD].
[EL Config]: metadata: 2016-01-12 12:41:29.083--ServerSession(1657095563)--Thread(Thread[Test worker,5,main])--The access type for the persistent class [class com.app.shared.location.Region] is set to [FIELD].
[EL Config]: metadata: 2016-01-12 12:41:29.084--ServerSession(1657095563)--Thread(Thread[Test worker,5,main])--The access type for the persistent class [class com.athena.shared.entity.query.ArtDatabaseOperators] is set to [FIELD].
[EL Config]: metadata: 2016-01-12 12:41:29.084--ServerSession(1657095563)--Thread(Thread[Test worker,5,main])--The access type for the persistent class [class com.app.shared.bloodbank.DonationType] is set to [FIELD].
[EL Config]: metadata: 2016-01-12 12:41:29.085--ServerSession(1657095563)--Thread(Thread[Test worker,5,main])--The access type for the persistent class [class com.app.shared.authentication.PasswordAlgo] is set to [FIELD].
[EL Config]: metadata: 2016-01-12 12:41:29.085--ServerSession(1657095563)--Thread(Thread[Test worker,5,main])--The access type for the persistent class [class com.athena.cloud.shared.entity.CloudDriveFileShared] is set to [FIELD].
[EL Config]: metadata: 2016-01-12 12:41:29.086--ServerSession(1657095563)--Thread(Thread[Test worker,5,main])--The target entity (reference) class for the one to one mapping element [field file] is being defaulted to: class com.athena.cloud.shared.entity.CloudDriveFiles.
[EL Config]: metadata: 2016-01-12 12:41:29.086--ServerSession(1657095563)--Thread(Thread[Test worker,5,main])--The access type for the persistent class [class com.app.shared.authentication.UserAccessDomain] is set to [FIELD].
[EL Config]: metadata: 2016-01-12 12:41:29.087--ServerSession(1657095563)--Thread(Thread[Test worker,5,main])--The access type for the persistent class [class com.app.shared.location.AddressType] is set to [FIELD].
[EL Config]: metadata: 2016-01-12 12:41:29.087--ServerSession(1657095563)--Thread(Thread[Test worker,5,main])--The access type for the persistent class [class com.app.shared.bloodbank.BloodRequest] is set to [FIELD].
[EL Config]: metadata: 2016-01-12 12:41:29.088--ServerSession(1657095563)--Thread(Thread[Test worker,5,main])--The access type for the persistent class [class com.spartan.healthmeter.entity.ZenHealthStatus] is set to [FIELD].
[EL Config]: metadata: 2016-01-12 12:41:29.088--ServerSession(1657095563)--Thread(Thread[Test worker,5,main])--The access type for the persistent class [class com.app.shared.contacts.CommunicationType] is set to [FIELD].
[EL Config]: metadata: 2016-01-12 12:41:29.089--ServerSession(1657095563)--Thread(Thread[Test worker,5,main])--The access type for the persistent class [class com.app.shared.location.City] is set to [FIELD].
[EL Config]: metadata: 2016-01-12 12:41:29.089--ServerSession(1657095563)--Thread(Thread[Test worker,5,main])--The access type for the persistent class [class com.app.shared.bloodbank.BloodResult] is set to [FIELD].
[EL Config]: metadata: 2016-01-12 12:41:29.09--ServerSession(1657095563)--Thread(Thread[Test worker,5,main])--The access type for the persistent class [class com.athena.cloud.shared.entity.CloudDriveDefaultTags] is set to [FIELD].
[EL Config]: metadata: 2016-01-12 12:41:29.09--ServerSession(1657095563)--Thread(Thread[Test worker,5,main])--The access type for the persistent class [class com.app.shared.location.AddressExtended] is set to [FIELD].
[EL Config]: metadata: 2016-01-12 12:41:29.091--ServerSession(1657095563)--Thread(Thread[Test worker,5,main])--The access type for the persistent class [class com.app.shared.authentication.PassRecovery] is set to [FIELD].
[EL Config]: metadata: 2016-01-12 12:41:29.091--ServerSession(1657095563)--Thread(Thread[Test worker,5,main])--The target entity (reference) class for the one to one mapping element [field user] is being defaulted to: class com.app.shared.authentication.User.
[EL Config]: metadata: 2016-01-12 12:41:29.092--ServerSession(1657095563)--Thread(Thread[Test worker,5,main])--The access type for the persistent class [class com.app.shared.authorization.RoleMenuBridge] is set to [FIELD].
[EL Config]: metadata: 2016-01-12 12:41:29.092--ServerSession(1657095563)--Thread(Thread[Test worker,5,main])--The target entity (reference) class for the one to one mapping element [field roles] is being defaulted to: class com.app.shared.authorization.Roles.
[EL Config]: metadata: 2016-01-12 12:41:29.092--ServerSession(1657095563)--Thread(Thread[Test worker,5,main])--The access type for the persistent class [class com.athena.shared.entity.query.ArtTableFieldDetails] is set to [FIELD].
[EL Config]: metadata: 2016-01-12 12:41:29.093--ServerSession(1657095563)--Thread(Thread[Test worker,5,main])--The target entity (reference) class for the many to one mapping element [field awsTableDetail] is being defaulted to: class com.athena.shared.entity.query.ArtTableDetails.
[EL Config]: metadata: 2016-01-12 12:41:29.094--ServerSession(1657095563)--Thread(Thread[Test worker,5,main])--The access type for the persistent class [class com.app.shared.location.State] is set to [FIELD].
[EL Config]: metadata: 2016-01-12 12:41:29.094--ServerSession(1657095563)--Thread(Thread[Test worker,5,main])--The access type for the persistent class [class com.app.shared.location.Language] is set to [FIELD].
[EL Config]: metadata: 2016-01-12 12:41:29.095--ServerSession(1657095563)--Thread(Thread[Test worker,5,main])--The access type for the persistent class [class com.app.shared.customers.AppCustomerType] is set to [FIELD].
[EL Config]: metadata: 2016-01-12 12:41:29.095--ServerSession(1657095563)--Thread(Thread[Test worker,5,main])--The access type for the persistent class [class com.spartan.healthmeter.entity.ZenRequestDetails] is set to [FIELD].
[EL Config]: metadata: 2016-01-12 12:41:29.096--ServerSession(1657095563)--Thread(Thread[Test worker,5,main])--The access type for the persistent class [class com.athena.ruleengine.shared.ArtRules] is set to [FIELD].
[EL Config]: metadata: 2016-01-12 12:41:29.097--ServerSession(1657095563)--Thread(Thread[Test worker,5,main])--The access type for the persistent class [class com.athena.shared.entity.report.ArtReportBuilderDetails] is set to [FIELD].
[EL Config]: metadata: 2016-01-12 12:41:29.098--ServerSession(1657095563)--Thread(Thread[Test worker,5,main])--The access type for the persistent class [class com.app.shared.authentication.UserAccessLevel] is set to [FIELD].
[EL Config]: metadata: 2016-01-12 12:41:29.098--ServerSession(1657095563)--Thread(Thread[Test worker,5,main])--The access type for the persistent class [class com.athena.cloud.shared.entity.CloudDriveTagFiles] is set to [FIELD].
[EL Config]: metadata: 2016-01-12 12:41:29.098--ServerSession(1657095563)--Thread(Thread[Test worker,5,main])--The target entity (reference) class for the one to one mapping element [field tags] is being defaulted to: class com.athena.cloud.shared.entity.CloudDriveTags.
[EL Config]: metadata: 2016-01-12 12:41:29.099--ServerSession(1657095563)--Thread(Thread[Test worker,5,main])--The target entity (reference) class for the one to one mapping element [field file] is being defaulted to: class com.athena.cloud.shared.entity.CloudDriveFiles.
[EL Config]: metadata: 2016-01-12 12:41:29.099--ServerSession(1657095563)--Thread(Thread[Test worker,5,main])--The access type for the persistent class [class com.app.shared.location.Address] is set to [FIELD].
[EL Config]: metadata: 2016-01-12 12:41:29.099--ServerSession(1657095563)--Thread(Thread[Test worker,5,main])--The access type for the persistent class [class com.app.shared.location.Timezone] is set to [FIELD].
[EL Config]: metadata: 2016-01-12 12:41:29.1--ServerSession(1657095563)--Thread(Thread[Test worker,5,main])--The access type for the persistent class [class com.spartan.healthmeter.entity.ZenHealthCounter] is set to [FIELD].
[EL Config]: metadata: 2016-01-12 12:41:29.1--ServerSession(1657095563)--Thread(Thread[Test worker,5,main])--The access type for the persistent class [class com.spartan.healthmeter.entity.ZenHealth] is set to [FIELD].
[EL Config]: metadata: 2016-01-12 12:41:29.102--ServerSession(1657095563)--Thread(Thread[Test worker,5,main])--The access type for the persistent class [class com.athena.shared.entity.report.ArtChartDataFieldJson] is set to [FIELD].
[EL Config]: metadata: 2016-01-12 12:41:29.102--ServerSession(1657095563)--Thread(Thread[Test worker,5,main])--The access type for the persistent class [class com.athena.shared.entity.report.ArtReportUI] is set to [FIELD].
[EL Config]: metadata: 2016-01-12 12:41:29.103--ServerSession(1657095563)--Thread(Thread[Test worker,5,main])--The access type for the persistent class [class com.app.shared.authentication.PasswordPolicy] is set to [FIELD].
[EL Config]: metadata: 2016-01-12 12:41:29.103--ServerSession(1657095563)--Thread(Thread[Test worker,5,main])--The access type for the persistent class [class com.app.shared.authentication.User] is set to [FIELD].
[EL Config]: metadata: 2016-01-12 12:41:29.104--ServerSession(1657095563)--Thread(Thread[Test worker,5,main])--The target entity (reference) class for the one to one mapping element [field userData] is being defaulted to: class com.app.shared.authentication.UserData.
[EL Config]: metadata: 2016-01-12 12:41:29.104--ServerSession(1657095563)--Thread(Thread[Test worker,5,main])--The target entity (reference) class for the one to many mapping element [field passRecovery] is being defaulted to: class com.app.shared.authentication.PassRecovery.
[EL Config]: metadata: 2016-01-12 12:41:29.105--ServerSession(1657095563)--Thread(Thread[Test worker,5,main])--The access type for the persistent class [class com.app.shared.customers.AppCustomer] is set to [FIELD].
[EL Config]: metadata: 2016-01-12 12:41:29.105--ServerSession(1657095563)--Thread(Thread[Test worker,5,main])--The access type for the persistent class [class com.app.shared.bloodbank.RegisterDonorToCamp] is set to [FIELD].
[EL Config]: metadata: 2016-01-12 12:41:29.105--ServerSession(1657095563)--Thread(Thread[Test worker,5,main])--The access type for the persistent class [class com.app.shared.contacts.Title] is set to [FIELD].
[EL Config]: metadata: 2016-01-12 12:41:29.106--ServerSession(1657095563)--Thread(Thread[Test worker,5,main])--The access type for the persistent class [class com.athena.shared.entity.report.ArtService] is set to [FIELD].
[EL Config]: metadata: 2016-01-12 12:41:29.106--ServerSession(1657095563)--Thread(Thread[Test worker,5,main])--The target entity (reference) class for the one to many mapping element [field artServiceOperations] is being defaulted to: class com.athena.shared.entity.report.ArtServiceOperation.
[EL Config]: metadata: 2016-01-12 12:41:29.107--ServerSession(1657095563)--Thread(Thread[Test worker,5,main])--The access type for the persistent class [class com.athena.server.bean.EntityBean] is set to [FIELD].
[EL Config]: metadata: 2016-01-12 12:41:29.107--ServerSession(1657095563)--Thread(Thread[Test worker,5,main])--The access type for the persistent class [class com.athena.shared.entity.query.ArtDatabaseAggregate] is set to [FIELD].
[EL Config]: metadata: 2016-01-12 12:41:29.108--ServerSession(1657095563)--Thread(Thread[Test worker,5,main])--The access type for the persistent class [class com.app.shared.authorization.Roles] is set to [FIELD].
[EL Config]: metadata: 2016-01-12 12:41:29.108--ServerSession(1657095563)--Thread(Thread[Test worker,5,main])--The target entity (reference) class for the one to many mapping element [field roleMenuBridge] is being defaulted to: class com.app.shared.authorization.RoleMenuBridge.
[EL Config]: metadata: 2016-01-12 12:41:29.108--ServerSession(1657095563)--Thread(Thread[Test worker,5,main])--The access type for the persistent class [class com.app.shared.SystemInfo] is set to [FIELD].
[EL Config]: metadata: 2016-01-12 12:41:29.109--ServerSession(1657095563)--Thread(Thread[Test worker,5,main])--The access type for the persistent class [class com.app.shared.EntityAudit] is set to [FIELD].
[EL Config]: metadata: 2016-01-12 12:41:29.115--ServerSession(1657095563)--Thread(Thread[Test worker,5,main])--The alias name for the entity class [class com.athena.shared.entity.query.ArtQuery] is being defaulted to: ArtQuery.
[EL Config]: metadata: 2016-01-12 12:41:29.125--ServerSession(1657095563)--Thread(Thread[Test worker,5,main])--The alias name for the entity class [class com.app.shared.location.Currency] is being defaulted to: Currency.
[EL Config]: metadata: 2016-01-12 12:41:29.128--ServerSession(1657095563)--Thread(Thread[Test worker,5,main])--The alias name for the entity class [class com.athena.shared.entity.query.ArtMenu] is being defaulted to: ArtMenu.
[EL Config]: metadata: 2016-01-12 12:41:29.129--ServerSession(1657095563)--Thread(Thread[Test worker,5,main])--The alias name for the entity class [class com.app.shared.bloodbank.RegisterACamp] is being defaulted to: RegisterACamp.
[EL Config]: metadata: 2016-01-12 12:41:29.13--ServerSession(1657095563)--Thread(Thread[Test worker,5,main])--The alias name for the entity class [class com.app.shared.bloodbank.BloodStock] is being defaulted to: BloodStock.
[EL Config]: metadata: 2016-01-12 12:41:29.131--ServerSession(1657095563)--Thread(Thread[Test worker,5,main])--The alias name for the entity class [class com.athena.shared.entity.query.ArtTableEntityRelation] is being defaulted to: ArtTableEntityRelation.
[EL Config]: metadata: 2016-01-12 12:41:29.131--ServerSession(1657095563)--Thread(Thread[Test worker,5,main])--The alias name for the entity class [class com.app.shared.bloodbank.ClinicalInfo] is being defaulted to: ClinicalInfo.
[EL Config]: metadata: 2016-01-12 12:41:29.132--ServerSession(1657095563)--Thread(Thread[Test worker,5,main])--The alias name for the entity class [class com.athena.cloud.shared.entity.CloudDriveTags] is being defaulted to: CloudDriveTags.
[EL Config]: metadata: 2016-01-12 12:41:29.133--ServerSession(1657095563)--Thread(Thread[Test worker,5,main])--The alias name for the entity class [class com.app.shared.bloodbank.DonorVisit] is being defaulted to: DonorVisit.
[EL Config]: metadata: 2016-01-12 12:41:29.133--ServerSession(1657095563)--Thread(Thread[Test worker,5,main])--The alias name for the entity class [class com.athena.shared.entity.report.ArtServiceOperation] is being defaulted to: ArtServiceOperation.
[EL Config]: metadata: 2016-01-12 12:41:29.134--ServerSession(1657095563)--Thread(Thread[Test worker,5,main])--The alias name for the entity class [class com.athena.shared.entity.report.ArtChartTemplate] is being defaulted to: ArtChartTemplate.
[EL Config]: metadata: 2016-01-12 12:41:29.135--ServerSession(1657095563)--Thread(Thread[Test worker,5,main])--The alias name for the entity class [class com.athena.cloud.shared.entity.CloudDriveFiles] is being defaulted to: CloudDriveFiles.
[EL Config]: metadata: 2016-01-12 12:41:29.136--ServerSession(1657095563)--Thread(Thread[Test worker,5,main])--The alias name for the entity class [class com.athena.shared.entity.query.ArtTableDetails] is being defaulted to: ArtTableDetails.
[EL Config]: metadata: 2016-01-12 12:41:29.137--ServerSession(1657095563)--Thread(Thread[Test worker,5,main])--The alias name for the entity class [class com.app.shared.contacts.CommunicationGroup] is being defaulted to: CommunicationGroup.
[EL Config]: metadata: 2016-01-12 12:41:29.137--ServerSession(1657095563)--Thread(Thread[Test worker,5,main])--The alias name for the entity class [class com.app.shared.location.District] is being defaulted to: District.
[EL Config]: metadata: 2016-01-12 12:41:29.138--ServerSession(1657095563)--Thread(Thread[Test worker,5,main])--The alias name for the entity class [class com.app.shared.authorization.UserRoleBridge] is being defaulted to: UserRoleBridge.
[EL Config]: metadata: 2016-01-12 12:41:29.138--ServerSession(1657095563)--Thread(Thread[Test worker,5,main])--The alias name for the entity class [class com.athena.shared.entity.report.ArtChartCategory] is being defaulted to: ArtChartCategory.
[EL Config]: metadata: 2016-01-12 12:41:29.139--ServerSession(1657095563)--Thread(Thread[Test worker,5,main])--The alias name for the entity class [class com.app.shared.bloodbank.RegisterADonor] is being defaulted to: RegisterADonor.
[EL Config]: metadata: 2016-01-12 12:41:29.14--ServerSession(1657095563)--Thread(Thread[Test worker,5,main])--The alias name for the entity class [class com.app.shared.contacts.ContactType] is being defaulted to: ContactType.
[EL Config]: metadata: 2016-01-12 12:41:29.14--ServerSession(1657095563)--Thread(Thread[Test worker,5,main])--The alias name for the entity class [class com.athena.shared.entity.report.ArtChartJson] is being defaulted to: ArtChartJson.
[EL Config]: metadata: 2016-01-12 12:41:29.141--ServerSession(1657095563)--Thread(Thread[Test worker,5,main])--The alias name for the entity class [class com.app.shared.contacts.CommunicationData] is being defaulted to: CommunicationData.
[EL Config]: metadata: 2016-01-12 12:41:29.142--ServerSession(1657095563)--Thread(Thread[Test worker,5,main])--The alias name for the entity class [class com.spartan.healthmeter.entity.ZenHealthGauge] is being defaulted to: ZenHealthGauge.
[EL Config]: metadata: 2016-01-12 12:41:29.142--ServerSession(1657095563)--Thread(Thread[Test worker,5,main])--The alias name for the entity class [class com.app.shared.authentication.Question] is being defaulted to: Question.
[EL Config]: metadata: 2016-01-12 12:41:29.143--ServerSession(1657095563)--Thread(Thread[Test worker,5,main])--The alias name for the entity class [class com.app.shared.bloodbank.BloodGroup] is being defaulted to: BloodGroup.
[EL Config]: metadata: 2016-01-12 12:41:29.143--ServerSession(1657095563)--Thread(Thread[Test worker,5,main])--The alias name for the entity class [class com.athena.cloud.shared.entity.CloudDriveContentType] is being defaulted to: CloudDriveContentType.
[EL Config]: metadata: 2016-01-12 12:41:29.143--ServerSession(1657095563)--Thread(Thread[Test worker,5,main])--The alias name for the entity class [class com.app.shared.authentication.SessionData] is being defaulted to: SessionData.
[EL Config]: metadata: 2016-01-12 12:41:29.144--ServerSession(1657095563)--Thread(Thread[Test worker,5,main])--The alias name for the entity class [class com.athena.shared.entity.report.ArtChartProperties] is being defaulted to: ArtChartProperties.
[EL Config]: metadata: 2016-01-12 12:41:29.144--ServerSession(1657095563)--Thread(Thread[Test worker,5,main])--The alias name for the entity class [class com.app.shared.location.Country] is being defaulted to: Country.
[EL Config]: metadata: 2016-01-12 12:41:29.145--ServerSession(1657095563)--Thread(Thread[Test worker,5,main])--The alias name for the entity class [class com.athena.shared.entity.query.ArtUserLastStatus] is being defaulted to: ArtUserLastStatus.
[EL Config]: metadata: 2016-01-12 12:41:29.146--ServerSession(1657095563)--Thread(Thread[Test worker,5,main])--The alias name for the entity class [class com.app.shared.location.Village] is being defaulted to: Village.
[EL Config]: metadata: 2016-01-12 12:41:29.146--ServerSession(1657095563)--Thread(Thread[Test worker,5,main])--The alias name for the entity class [class com.athena.shared.entity.query.ArtMasterForm] is being defaulted to: ArtMasterForm.
[EL Config]: metadata: 2016-01-12 12:41:29.147--ServerSession(1657095563)--Thread(Thread[Test worker,5,main])--The alias name for the entity class [class com.app.shared.authentication.Login] is being defaulted to: Login.
[EL Config]: metadata: 2016-01-12 12:41:29.147--ServerSession(1657095563)--Thread(Thread[Test worker,5,main])--The alias name for the entity class [class com.athena.deo.model.AwsExternalIntegration] is being defaulted to: AwsExternalIntegration.
[EL Config]: metadata: 2016-01-12 12:41:29.148--ServerSession(1657095563)--Thread(Thread[Test worker,5,main])--The alias name for the entity class [class com.athena.shared.entity.query.ArtUserMenu] is being defaulted to: ArtUserMenu.
[EL Warning]: metadata: 2016-01-12 12:41:29.148--ServerSession(1657095563)--Thread(Thread[Test worker,5,main])--You have specified multiple ids for the entity class [com.athena.shared.entity.query.ArtUserMenu] without specifying an @IdClass. By doing this you may lose the ability to find by identity, distributed cache support etc. Note: You may however use entity manager find operations by passing a list of primary key fields. Else, you will have to use JPQL queries to read your entities. For other id options see @PrimaryKey.
[EL Config]: metadata: 2016-01-12 12:41:29.149--ServerSession(1657095563)--Thread(Thread[Test worker,5,main])--The alias name for the entity class [class com.athena.cloud.shared.entity.CloudDriveTagShared] is being defaulted to: CloudDriveTagShared.
[EL Config]: metadata: 2016-01-12 12:41:29.149--ServerSession(1657095563)--Thread(Thread[Test worker,5,main])--The column name for element [id] is being defaulted to: ID.
[EL Config]: metadata: 2016-01-12 12:41:29.149--ServerSession(1657095563)--Thread(Thread[Test worker,5,main])--The alias name for the entity class [class com.app.shared.authorization.AppMenus] is being defaulted to: AppMenus.
[EL Config]: metadata: 2016-01-12 12:41:29.15--ServerSession(1657095563)--Thread(Thread[Test worker,5,main])--The alias name for the entity class [class com.app.shared.location.Taluka] is being defaulted to: Taluka.
[EL Config]: metadata: 2016-01-12 12:41:29.15--ServerSession(1657095563)--Thread(Thread[Test worker,5,main])--The alias name for the entity class [class com.spartan.healthmeter.entity.HealthSchedulerConfiguration] is being defaulted to: HealthSchedulerConfiguration.
[EL Config]: metadata: 2016-01-12 12:41:29.151--ServerSession(1657095563)--Thread(Thread[Test worker,5,main])--The alias name for the entity class [class com.athena.cloud.shared.entity.CloudDriveFileVersion] is being defaulted to: CloudDriveFileVersion.
[EL Config]: metadata: 2016-01-12 12:41:29.151--ServerSession(1657095563)--Thread(Thread[Test worker,5,main])--The alias name for the entity class [class com.app.shared.authentication.UserData] is being defaulted to: UserData.
[EL Config]: metadata: 2016-01-12 12:41:29.152--ServerSession(1657095563)--Thread(Thread[Test worker,5,main])--The alias name for the entity class [class com.spartan.healthmeter.entity.ZenSchedulerHealth] is being defaulted to: ZenSchedulerHealth.
[EL Config]: metadata: 2016-01-12 12:41:29.153--ServerSession(1657095563)--Thread(Thread[Test worker,5,main])--The alias name for the entity class [class com.athena.shared.entity.report.ArtChartType] is being defaulted to: ArtChartType.
[EL Config]: metadata: 2016-01-12 12:41:29.153--ServerSession(1657095563)--Thread(Thread[Test worker,5,main])--The alias name for the entity class [class com.app.shared.customers.AppCustomerCategory] is being defaulted to: AppCustomerCategory.
[EL Config]: metadata: 2016-01-12 12:41:29.153--ServerSession(1657095563)--Thread(Thread[Test worker,5,main])--The alias name for the entity class [class com.app.shared.contacts.Gender] is being defaulted to: Gender.
[EL Config]: metadata: 2016-01-12 12:41:29.154--ServerSession(1657095563)--Thread(Thread[Test worker,5,main])--The alias name for the entity class [class com.app.shared.contacts.CoreContacts] is being defaulted to: CoreContacts.
[EL Config]: metadata: 2016-01-12 12:41:29.154--ServerSession(1657095563)--Thread(Thread[Test worker,5,main])--The alias name for the entity class [class com.app.shared.authentication.LoginSession] is being defaulted to: LoginSession.
[EL Config]: metadata: 2016-01-12 12:41:29.155--ServerSession(1657095563)--Thread(Thread[Test worker,5,main])--The alias name for the entity class [class com.athena.shared.entity.query.ArtDatabaseFunction] is being defaulted to: ArtDatabaseFunction.
[EL Config]: metadata: 2016-01-12 12:41:29.155--ServerSession(1657095563)--Thread(Thread[Test worker,5,main])--The alias name for the entity class [class com.athena.shared.entity.report.ArtChartPropLanguage] is being defaulted to: ArtChartPropLanguage.
[EL Config]: metadata: 2016-01-12 12:41:29.156--ServerSession(1657095563)--Thread(Thread[Test worker,5,main])--The alias name for the entity class [class com.spartan.shield.server.entity.AppSessionConfig] is being defaulted to: AppSessionConfig.
[EL Config]: metadata: 2016-01-12 12:41:29.156--ServerSession(1657095563)--Thread(Thread[Test worker,5,main])--The alias name for the entity class [class com.athena.shared.entity.report.ArtLangMaster] is being defaulted to: ArtLangMaster.
[EL Config]: metadata: 2016-01-12 12:41:29.157--ServerSession(1657095563)--Thread(Thread[Test worker,5,main])--The alias name for the entity class [class com.app.shared.location.Region] is being defaulted to: Region.
[EL Config]: metadata: 2016-01-12 12:41:29.157--ServerSession(1657095563)--Thread(Thread[Test worker,5,main])--The alias name for the entity class [class com.athena.shared.entity.query.ArtDatabaseOperators] is being defaulted to: ArtDatabaseOperators.
[EL Config]: metadata: 2016-01-12 12:41:29.158--ServerSession(1657095563)--Thread(Thread[Test worker,5,main])--The alias name for the entity class [class com.app.shared.bloodbank.DonationType] is being defaulted to: DonationType.
[EL Config]: metadata: 2016-01-12 12:41:29.158--ServerSession(1657095563)--Thread(Thread[Test worker,5,main])--The alias name for the entity class [class com.app.shared.authentication.PasswordAlgo] is being defaulted to: PasswordAlgo.
[EL Config]: metadata: 2016-01-12 12:41:29.159--ServerSession(1657095563)--Thread(Thread[Test worker,5,main])--The alias name for the entity class [class com.athena.cloud.shared.entity.CloudDriveFileShared] is being defaulted to: CloudDriveFileShared.
[EL Config]: metadata: 2016-01-12 12:41:29.159--ServerSession(1657095563)--Thread(Thread[Test worker,5,main])--The column name for element [id] is being defaulted to: ID.
[EL Config]: metadata: 2016-01-12 12:41:29.159--ServerSession(1657095563)--Thread(Thread[Test worker,5,main])--The alias name for the entity class [class com.app.shared.authentication.UserAccessDomain] is being defaulted to: UserAccessDomain.
[EL Config]: metadata: 2016-01-12 12:41:29.159--ServerSession(1657095563)--Thread(Thread[Test worker,5,main])--The alias name for the entity class [class com.app.shared.location.AddressType] is being defaulted to: AddressType.
[EL Config]: metadata: 2016-01-12 12:41:29.16--ServerSession(1657095563)--Thread(Thread[Test worker,5,main])--The alias name for the entity class [class com.app.shared.bloodbank.BloodRequest] is being defaulted to: BloodRequest.
[EL Config]: metadata: 2016-01-12 12:41:29.16--ServerSession(1657095563)--Thread(Thread[Test worker,5,main])--The alias name for the entity class [class com.spartan.healthmeter.entity.ZenHealthStatus] is being defaulted to: ZenHealthStatus.
[EL Config]: metadata: 2016-01-12 12:41:29.161--ServerSession(1657095563)--Thread(Thread[Test worker,5,main])--The alias name for the entity class [class com.app.shared.contacts.CommunicationType] is being defaulted to: CommunicationType.
[EL Config]: metadata: 2016-01-12 12:41:29.161--ServerSession(1657095563)--Thread(Thread[Test worker,5,main])--The alias name for the entity class [class com.app.shared.location.City] is being defaulted to: City.
[EL Config]: metadata: 2016-01-12 12:41:29.161--ServerSession(1657095563)--Thread(Thread[Test worker,5,main])--The alias name for the entity class [class com.app.shared.bloodbank.BloodResult] is being defaulted to: BloodResult.
[EL Config]: metadata: 2016-01-12 12:41:29.162--ServerSession(1657095563)--Thread(Thread[Test worker,5,main])--The alias name for the entity class [class com.athena.cloud.shared.entity.CloudDriveDefaultTags] is being defaulted to: CloudDriveDefaultTags.
[EL Config]: metadata: 2016-01-12 12:41:29.162--ServerSession(1657095563)--Thread(Thread[Test worker,5,main])--The alias name for the entity class [class com.app.shared.location.AddressExtended] is being defaulted to: AddressExtended.
[EL Config]: metadata: 2016-01-12 12:41:29.163--ServerSession(1657095563)--Thread(Thread[Test worker,5,main])--The alias name for the entity class [class com.app.shared.authentication.PassRecovery] is being defaulted to: PassRecovery.
[EL Config]: metadata: 2016-01-12 12:41:29.163--ServerSession(1657095563)--Thread(Thread[Test worker,5,main])--The alias name for the entity class [class com.app.shared.authorization.RoleMenuBridge] is being defaulted to: RoleMenuBridge.
[EL Config]: metadata: 2016-01-12 12:41:29.163--ServerSession(1657095563)--Thread(Thread[Test worker,5,main])--The alias name for the entity class [class com.athena.shared.entity.query.ArtTableFieldDetails] is being defaulted to: ArtTableFieldDetails.
[EL Config]: metadata: 2016-01-12 12:41:29.165--ServerSession(1657095563)--Thread(Thread[Test worker,5,main])--The alias name for the entity class [class com.app.shared.location.State] is being defaulted to: State.
[EL Config]: metadata: 2016-01-12 12:41:29.165--ServerSession(1657095563)--Thread(Thread[Test worker,5,main])--The alias name for the entity class [class com.app.shared.location.Language] is being defaulted to: Language.
[EL Config]: metadata: 2016-01-12 12:41:29.166--ServerSession(1657095563)--Thread(Thread[Test worker,5,main])--The alias name for the entity class [class com.app.shared.customers.AppCustomerType] is being defaulted to: AppCustomerType.
[EL Config]: metadata: 2016-01-12 12:41:29.166--ServerSession(1657095563)--Thread(Thread[Test worker,5,main])--The alias name for the entity class [class com.spartan.healthmeter.entity.ZenRequestDetails] is being defaulted to: ZenRequestDetails.
[EL Config]: metadata: 2016-01-12 12:41:29.166--ServerSession(1657095563)--Thread(Thread[Test worker,5,main])--The alias name for the entity class [class com.athena.ruleengine.shared.ArtRules] is being defaulted to: ArtRules.
[EL Config]: metadata: 2016-01-12 12:41:29.167--ServerSession(1657095563)--Thread(Thread[Test worker,5,main])--The alias name for the entity class [class com.athena.shared.entity.report.ArtReportBuilderDetails] is being defaulted to: ArtReportBuilderDetails.
[EL Config]: metadata: 2016-01-12 12:41:29.168--ServerSession(1657095563)--Thread(Thread[Test worker,5,main])--The alias name for the entity class [class com.app.shared.authentication.UserAccessLevel] is being defaulted to: UserAccessLevel.
[EL Config]: metadata: 2016-01-12 12:41:29.168--ServerSession(1657095563)--Thread(Thread[Test worker,5,main])--The alias name for the entity class [class com.athena.cloud.shared.entity.CloudDriveTagFiles] is being defaulted to: CloudDriveTagFiles.
[EL Config]: metadata: 2016-01-12 12:41:29.168--ServerSession(1657095563)--Thread(Thread[Test worker,5,main])--The column name for element [id] is being defaulted to: ID.
[EL Config]: metadata: 2016-01-12 12:41:29.168--ServerSession(1657095563)--Thread(Thread[Test worker,5,main])--The alias name for the entity class [class com.app.shared.location.Address] is being defaulted to: Address.
[EL Config]: metadata: 2016-01-12 12:41:29.169--ServerSession(1657095563)--Thread(Thread[Test worker,5,main])--The alias name for the entity class [class com.app.shared.location.Timezone] is being defaulted to: Timezone.
[EL Config]: metadata: 2016-01-12 12:41:29.169--ServerSession(1657095563)--Thread(Thread[Test worker,5,main])--The alias name for the entity class [class com.spartan.healthmeter.entity.ZenHealthCounter] is being defaulted to: ZenHealthCounter.
[EL Config]: metadata: 2016-01-12 12:41:29.17--ServerSession(1657095563)--Thread(Thread[Test worker,5,main])--The alias name for the entity class [class com.spartan.healthmeter.entity.ZenHealth] is being defaulted to: ZenHealth.
[EL Config]: metadata: 2016-01-12 12:41:29.171--ServerSession(1657095563)--Thread(Thread[Test worker,5,main])--The alias name for the entity class [class com.athena.shared.entity.report.ArtChartDataFieldJson] is being defaulted to: ArtChartDataFieldJson.
[EL Config]: metadata: 2016-01-12 12:41:29.171--ServerSession(1657095563)--Thread(Thread[Test worker,5,main])--The alias name for the entity class [class com.athena.shared.entity.report.ArtReportUI] is being defaulted to: ArtReportUI.
[EL Config]: metadata: 2016-01-12 12:41:29.172--ServerSession(1657095563)--Thread(Thread[Test worker,5,main])--The alias name for the entity class [class com.app.shared.authentication.PasswordPolicy] is being defaulted to: PasswordPolicy.
[EL Config]: metadata: 2016-01-12 12:41:29.172--ServerSession(1657095563)--Thread(Thread[Test worker,5,main])--The alias name for the entity class [class com.app.shared.authentication.User] is being defaulted to: User.
[EL Config]: metadata: 2016-01-12 12:41:29.173--ServerSession(1657095563)--Thread(Thread[Test worker,5,main])--The alias name for the entity class [class com.app.shared.customers.AppCustomer] is being defaulted to: AppCustomer.
[EL Config]: metadata: 2016-01-12 12:41:29.173--ServerSession(1657095563)--Thread(Thread[Test worker,5,main])--The alias name for the entity class [class com.app.shared.bloodbank.RegisterDonorToCamp] is being defaulted to: RegisterDonorToCamp.
[EL Config]: metadata: 2016-01-12 12:41:29.174--ServerSession(1657095563)--Thread(Thread[Test worker,5,main])--The alias name for the entity class [class com.app.shared.contacts.Title] is being defaulted to: Title.
[EL Config]: metadata: 2016-01-12 12:41:29.174--ServerSession(1657095563)--Thread(Thread[Test worker,5,main])--The alias name for the entity class [class com.athena.shared.entity.report.ArtService] is being defaulted to: ArtService.
[EL Config]: metadata: 2016-01-12 12:41:29.175--ServerSession(1657095563)--Thread(Thread[Test worker,5,main])--The alias name for the entity class [class com.athena.server.bean.EntityBean] is being defaulted to: EntityBean.
[EL Config]: metadata: 2016-01-12 12:41:29.175--ServerSession(1657095563)--Thread(Thread[Test worker,5,main])--The table name for entity [class com.athena.server.bean.EntityBean] is being defaulted to: ENTITYBEAN.
[EL Config]: metadata: 2016-01-12 12:41:29.175--ServerSession(1657095563)--Thread(Thread[Test worker,5,main])--The column name for element [id] is being defaulted to: ID.
[EL Config]: metadata: 2016-01-12 12:41:29.175--ServerSession(1657095563)--Thread(Thread[Test worker,5,main])--The column name for element [name] is being defaulted to: NAME.
[EL Config]: metadata: 2016-01-12 12:41:29.175--ServerSession(1657095563)--Thread(Thread[Test worker,5,main])--The column name for element [fields] is being defaulted to: FIELDS.
[EL Config]: metadata: 2016-01-12 12:41:29.177--ServerSession(1657095563)--Thread(Thread[Test worker,5,main])--The alias name for the entity class [class com.athena.shared.entity.query.ArtDatabaseAggregate] is being defaulted to: ArtDatabaseAggregate.
[EL Config]: metadata: 2016-01-12 12:41:29.177--ServerSession(1657095563)--Thread(Thread[Test worker,5,main])--The alias name for the entity class [class com.app.shared.authorization.Roles] is being defaulted to: Roles.
[EL Config]: metadata: 2016-01-12 12:41:29.188--ServerSession(1657095563)--Thread(Thread[Test worker,5,main])--The primary key column name for the mapping element [field artservice] is being defaulted to: service_id.
[EL Config]: metadata: 2016-01-12 12:41:29.199--ServerSession(1657095563)--Thread(Thread[Test worker,5,main])--The primary key column name for the mapping element [field contentType] is being defaulted to: file_mime_type.
[EL Config]: metadata: 2016-01-12 12:41:29.2--ServerSession(1657095563)--Thread(Thread[Test worker,5,main])--The primary key column name for the mapping element [field file] is being defaulted to: file_id.
[EL Config]: metadata: 2016-01-12 12:41:29.202--ServerSession(1657095563)--Thread(Thread[Test worker,5,main])--The primary key column name for the mapping element [field file] is being defaulted to: file_id.
[EL Config]: metadata: 2016-01-12 12:41:29.203--ServerSession(1657095563)--Thread(Thread[Test worker,5,main])--The primary key column name for the mapping element [field file] is being defaulted to: file_id.
[EL Info]: 2016-01-12 12:41:29.903--ServerSession(1657095563)--Thread(Thread[Test worker,5,main])--EclipseLink, version: Eclipse Persistence Services - 2.5.1.v20130918-f2b9fc5
[EL Fine]: connection: 2016-01-12 12:41:30.246--Thread(Thread[Test worker,5,main])--Detected database platform: org.eclipse.persistence.platform.database.MySQLPlatform
[EL Config]: connection: 2016-01-12 12:41:30.258--ServerSession(1657095563)--Connection(1959479916)--Thread(Thread[Test worker,5,main])--connecting(DatabaseLogin(
	platform=>MySQLPlatform
	user name=> "bloodbnk2"
	datasource URL=> "jdbc:mysql://localhost:3306/bloodbnk2"
))
[EL Config]: connection: 2016-01-12 12:41:30.265--ServerSession(1657095563)--Connection(1314151333)--Thread(Thread[Test worker,5,main])--Connected: jdbc:mysql://localhost:3306/bloodbnk2
	User: bloodbnk2@172.17.0.4
	Database: MySQL  Version: 5.7.7-rc
	Driver: MySQL Connector Java  Version: mysql-connector-java-5.1.31 ( Revision: alexander.soklakov@oracle.com-20140520065950-groqzzbvxprqdmnz )
[EL Config]: connection: 2016-01-12 12:41:30.265--ServerSession(1657095563)--Connection(72144336)--Thread(Thread[Test worker,5,main])--connecting(DatabaseLogin(
	platform=>MySQLPlatform
	user name=> "bloodbnk2"
	datasource URL=> "jdbc:mysql://localhost:3306/bloodbnk2"
))
[EL Config]: connection: 2016-01-12 12:41:30.271--ServerSession(1657095563)--Connection(1257685194)--Thread(Thread[Test worker,5,main])--Connected: jdbc:mysql://localhost:3306/bloodbnk2
	User: bloodbnk2@172.17.0.4
	Database: MySQL  Version: 5.7.7-rc
	Driver: MySQL Connector Java  Version: mysql-connector-java-5.1.31 ( Revision: alexander.soklakov@oracle.com-20140520065950-groqzzbvxprqdmnz )
[EL Config]: connection: 2016-01-12 12:41:30.271--ServerSession(1657095563)--Connection(233518137)--Thread(Thread[Test worker,5,main])--connecting(DatabaseLogin(
	platform=>MySQLPlatform
	user name=> "bloodbnk2"
	datasource URL=> "jdbc:mysql://localhost:3306/bloodbnk2"
))
[EL Config]: connection: 2016-01-12 12:41:30.277--ServerSession(1657095563)--Connection(1578672046)--Thread(Thread[Test worker,5,main])--Connected: jdbc:mysql://localhost:3306/bloodbnk2
	User: bloodbnk2@172.17.0.4
	Database: MySQL  Version: 5.7.7-rc
	Driver: MySQL Connector Java  Version: mysql-connector-java-5.1.31 ( Revision: alexander.soklakov@oracle.com-20140520065950-groqzzbvxprqdmnz )
[EL Config]: connection: 2016-01-12 12:41:30.277--ServerSession(1657095563)--Connection(580618437)--Thread(Thread[Test worker,5,main])--connecting(DatabaseLogin(
	platform=>MySQLPlatform
	user name=> "bloodbnk2"
	datasource URL=> "jdbc:mysql://localhost:3306/bloodbnk2"
))
[EL Config]: connection: 2016-01-12 12:41:30.284--ServerSession(1657095563)--Connection(1150449491)--Thread(Thread[Test worker,5,main])--Connected: jdbc:mysql://localhost:3306/bloodbnk2
	User: bloodbnk2@172.17.0.4
	Database: MySQL  Version: 5.7.7-rc
	Driver: MySQL Connector Java  Version: mysql-connector-java-5.1.31 ( Revision: alexander.soklakov@oracle.com-20140520065950-groqzzbvxprqdmnz )
[EL Config]: connection: 2016-01-12 12:41:30.284--ServerSession(1657095563)--Connection(1809321296)--Thread(Thread[Test worker,5,main])--connecting(DatabaseLogin(
	platform=>MySQLPlatform
	user name=> "bloodbnk2"
	datasource URL=> "jdbc:mysql://localhost:3306/bloodbnk2"
))
[EL Config]: connection: 2016-01-12 12:41:30.291--ServerSession(1657095563)--Connection(2102422249)--Thread(Thread[Test worker,5,main])--Connected: jdbc:mysql://localhost:3306/bloodbnk2
	User: bloodbnk2@172.17.0.4
	Database: MySQL  Version: 5.7.7-rc
	Driver: MySQL Connector Java  Version: mysql-connector-java-5.1.31 ( Revision: alexander.soklakov@oracle.com-20140520065950-groqzzbvxprqdmnz )
[EL Config]: connection: 2016-01-12 12:41:30.291--ServerSession(1657095563)--Connection(714811205)--Thread(Thread[Test worker,5,main])--connecting(DatabaseLogin(
	platform=>MySQLPlatform
	user name=> "bloodbnk2"
	datasource URL=> "jdbc:mysql://localhost:3306/bloodbnk2"
))
[EL Config]: connection: 2016-01-12 12:41:30.298--ServerSession(1657095563)--Connection(1728808874)--Thread(Thread[Test worker,5,main])--Connected: jdbc:mysql://localhost:3306/bloodbnk2
	User: bloodbnk2@172.17.0.4
	Database: MySQL  Version: 5.7.7-rc
	Driver: MySQL Connector Java  Version: mysql-connector-java-5.1.31 ( Revision: alexander.soklakov@oracle.com-20140520065950-groqzzbvxprqdmnz )
[EL Config]: connection: 2016-01-12 12:41:30.298--ServerSession(1657095563)--Connection(637001408)--Thread(Thread[Test worker,5,main])--connecting(DatabaseLogin(
	platform=>MySQLPlatform
	user name=> "bloodbnk2"
	datasource URL=> "jdbc:mysql://localhost:3306/bloodbnk2"
))
[EL Config]: connection: 2016-01-12 12:41:30.305--ServerSession(1657095563)--Connection(1648080510)--Thread(Thread[Test worker,5,main])--Connected: jdbc:mysql://localhost:3306/bloodbnk2
	User: bloodbnk2@172.17.0.4
	Database: MySQL  Version: 5.7.7-rc
	Driver: MySQL Connector Java  Version: mysql-connector-java-5.1.31 ( Revision: alexander.soklakov@oracle.com-20140520065950-groqzzbvxprqdmnz )
[EL Config]: connection: 2016-01-12 12:41:30.306--ServerSession(1657095563)--Connection(1045052564)--Thread(Thread[Test worker,5,main])--connecting(DatabaseLogin(
	platform=>MySQLPlatform
	user name=> "bloodbnk2"
	datasource URL=> "jdbc:mysql://localhost:3306/bloodbnk2"
))
[EL Config]: connection: 2016-01-12 12:41:30.313--ServerSession(1657095563)--Connection(1015296271)--Thread(Thread[Test worker,5,main])--Connected: jdbc:mysql://localhost:3306/bloodbnk2
	User: bloodbnk2@172.17.0.4
	Database: MySQL  Version: 5.7.7-rc
	Driver: MySQL Connector Java  Version: mysql-connector-java-5.1.31 ( Revision: alexander.soklakov@oracle.com-20140520065950-groqzzbvxprqdmnz )
[EL Config]: connection: 2016-01-12 12:41:30.313--ServerSession(1657095563)--Connection(179367635)--Thread(Thread[Test worker,5,main])--connecting(DatabaseLogin(
	platform=>MySQLPlatform
	user name=> "bloodbnk2"
	datasource URL=> "jdbc:mysql://localhost:3306/bloodbnk2"
))
[EL Config]: connection: 2016-01-12 12:41:30.318--ServerSession(1657095563)--Connection(816267797)--Thread(Thread[Test worker,5,main])--Connected: jdbc:mysql://localhost:3306/bloodbnk2
	User: bloodbnk2@172.17.0.4
	Database: MySQL  Version: 5.7.7-rc
	Driver: MySQL Connector Java  Version: mysql-connector-java-5.1.31 ( Revision: alexander.soklakov@oracle.com-20140520065950-groqzzbvxprqdmnz )
[EL Config]: connection: 2016-01-12 12:41:30.319--ServerSession(1657095563)--Connection(887327143)--Thread(Thread[Test worker,5,main])--connecting(DatabaseLogin(
	platform=>MySQLPlatform
	user name=> "bloodbnk2"
	datasource URL=> "jdbc:mysql://localhost:3306/bloodbnk2"
))
[EL Config]: connection: 2016-01-12 12:41:30.326--ServerSession(1657095563)--Connection(1410773980)--Thread(Thread[Test worker,5,main])--Connected: jdbc:mysql://localhost:3306/bloodbnk2
	User: bloodbnk2@172.17.0.4
	Database: MySQL  Version: 5.7.7-rc
	Driver: MySQL Connector Java  Version: mysql-connector-java-5.1.31 ( Revision: alexander.soklakov@oracle.com-20140520065950-groqzzbvxprqdmnz )
[EL Config]: connection: 2016-01-12 12:41:30.326--ServerSession(1657095563)--Connection(511335333)--Thread(Thread[Test worker,5,main])--connecting(DatabaseLogin(
	platform=>MySQLPlatform
	user name=> "bloodbnk2"
	datasource URL=> "jdbc:mysql://localhost:3306/bloodbnk2"
))
[EL Config]: connection: 2016-01-12 12:41:30.331--ServerSession(1657095563)--Connection(1618433026)--Thread(Thread[Test worker,5,main])--Connected: jdbc:mysql://localhost:3306/bloodbnk2
	User: bloodbnk2@172.17.0.4
	Database: MySQL  Version: 5.7.7-rc
	Driver: MySQL Connector Java  Version: mysql-connector-java-5.1.31 ( Revision: alexander.soklakov@oracle.com-20140520065950-groqzzbvxprqdmnz )
[EL Config]: connection: 2016-01-12 12:41:30.332--ServerSession(1657095563)--Connection(975995080)--Thread(Thread[Test worker,5,main])--connecting(DatabaseLogin(
	platform=>MySQLPlatform
	user name=> "bloodbnk2"
	datasource URL=> "jdbc:mysql://localhost:3306/bloodbnk2"
))
[EL Config]: connection: 2016-01-12 12:41:30.337--ServerSession(1657095563)--Connection(1072601706)--Thread(Thread[Test worker,5,main])--Connected: jdbc:mysql://localhost:3306/bloodbnk2
	User: bloodbnk2@172.17.0.4
	Database: MySQL  Version: 5.7.7-rc
	Driver: MySQL Connector Java  Version: mysql-connector-java-5.1.31 ( Revision: alexander.soklakov@oracle.com-20140520065950-groqzzbvxprqdmnz )
[EL Config]: connection: 2016-01-12 12:41:30.338--ServerSession(1657095563)--Connection(1239139824)--Thread(Thread[Test worker,5,main])--connecting(DatabaseLogin(
	platform=>MySQLPlatform
	user name=> "bloodbnk2"
	datasource URL=> "jdbc:mysql://localhost:3306/bloodbnk2"
))
[EL Config]: connection: 2016-01-12 12:41:30.346--ServerSession(1657095563)--Connection(1717732620)--Thread(Thread[Test worker,5,main])--Connected: jdbc:mysql://localhost:3306/bloodbnk2
	User: bloodbnk2@172.17.0.4
	Database: MySQL  Version: 5.7.7-rc
	Driver: MySQL Connector Java  Version: mysql-connector-java-5.1.31 ( Revision: alexander.soklakov@oracle.com-20140520065950-groqzzbvxprqdmnz )
[EL Config]: connection: 2016-01-12 12:41:30.346--ServerSession(1657095563)--Connection(1309477719)--Thread(Thread[Test worker,5,main])--connecting(DatabaseLogin(
	platform=>MySQLPlatform
	user name=> "bloodbnk2"
	datasource URL=> "jdbc:mysql://localhost:3306/bloodbnk2"
))
[EL Config]: connection: 2016-01-12 12:41:30.352--ServerSession(1657095563)--Connection(1727476248)--Thread(Thread[Test worker,5,main])--Connected: jdbc:mysql://localhost:3306/bloodbnk2
	User: bloodbnk2@172.17.0.4
	Database: MySQL  Version: 5.7.7-rc
	Driver: MySQL Connector Java  Version: mysql-connector-java-5.1.31 ( Revision: alexander.soklakov@oracle.com-20140520065950-groqzzbvxprqdmnz )
[EL Config]: connection: 2016-01-12 12:41:30.353--ServerSession(1657095563)--Connection(1861876343)--Thread(Thread[Test worker,5,main])--connecting(DatabaseLogin(
	platform=>MySQLPlatform
	user name=> "bloodbnk2"
	datasource URL=> "jdbc:mysql://localhost:3306/bloodbnk2"
))
[EL Config]: connection: 2016-01-12 12:41:30.359--ServerSession(1657095563)--Connection(1958752760)--Thread(Thread[Test worker,5,main])--Connected: jdbc:mysql://localhost:3306/bloodbnk2
	User: bloodbnk2@172.17.0.4
	Database: MySQL  Version: 5.7.7-rc
	Driver: MySQL Connector Java  Version: mysql-connector-java-5.1.31 ( Revision: alexander.soklakov@oracle.com-20140520065950-groqzzbvxprqdmnz )
[EL Config]: connection: 2016-01-12 12:41:30.36--ServerSession(1657095563)--Connection(1958752760)--Thread(Thread[Test worker,5,main])--disconnect
[EL Warning]: metadata: 2016-01-12 12:41:30.37--ServerSession(1657095563)--Thread(Thread[Test worker,5,main])--Reverting the lazy setting on the OneToOne or ManyToOne attribute [user] for the entity class [class com.app.shared.authentication.UserData] since weaving was not enabled or did not occur.
[EL Warning]: metadata: 2016-01-12 12:41:30.372--ServerSession(1657095563)--Thread(Thread[Test worker,5,main])--Reverting the lazy setting on the OneToOne or ManyToOne attribute [userData] for the entity class [class com.app.shared.authentication.User] since weaving was not enabled or did not occur.
[EL Warning]: metadata: 2016-01-12 12:41:30.373--ServerSession(1657095563)--Thread(Thread[Test worker,5,main])--Reverting the lazy setting on the OneToOne or ManyToOne attribute [address] for the entity class [class com.app.shared.bloodbank.RegisterACamp] since weaving was not enabled or did not occur.
[EL Warning]: metadata: 2016-01-12 12:41:30.374--ServerSession(1657095563)--Thread(Thread[Test worker,5,main])--Reverting the lazy setting on the OneToOne or ManyToOne attribute [address] for the entity class [class com.app.shared.bloodbank.RegisterADonor] since weaving was not enabled or did not occur.
[EL Warning]: metadata: 2016-01-12 12:41:30.374--ServerSession(1657095563)--Thread(Thread[Test worker,5,main])--Reverting the lazy setting on the OneToOne or ManyToOne attribute [user] for the entity class [class com.app.shared.authentication.PassRecovery] since weaving was not enabled or did not occur.
[EL Warning]: metadata: 2016-01-12 12:41:30.374--ServerSession(1657095563)--Thread(Thread[Test worker,5,main])--Reverting the lazy setting on the OneToOne or ManyToOne attribute [timezone] for the entity class [class com.app.shared.contacts.CoreContacts] since weaving was not enabled or did not occur.
[EL Warning]: metadata: 2016-01-12 12:41:30.375--ServerSession(1657095563)--Thread(Thread[Test worker,5,main])--Reverting the lazy setting on the OneToOne or ManyToOne attribute [donorVisit] for the entity class [class com.app.shared.bloodbank.ClinicalInfo] since weaving was not enabled or did not occur.
[EL Warning]: metadata: 2016-01-12 12:41:30.379--ServerSession(1657095563)--Thread(Thread[Test worker,5,main])--Reverting the lazy setting on the OneToOne or ManyToOne attribute [coreContacts] for the entity class [class com.app.shared.authentication.Login] since weaving was not enabled or did not occur.
[EL Warning]: metadata: 2016-01-12 12:41:30.38--ServerSession(1657095563)--Thread(Thread[Test worker,5,main])--Reverting the lazy setting on the OneToOne or ManyToOne attribute [user] for the entity class [class com.app.shared.authentication.Login] since weaving was not enabled or did not occur.
[EL Info]: connection: 2016-01-12 12:41:30.601--ServerSession(1657095563)--Thread(Thread[Test worker,5,main])--file:/home/applifire/workspace/bloodbank/build/resources/main_bloodbank login successful
NOTIFYING OBSERVERS
notification received to observer
Queue manager defined with queue type 0 and size 100000
Event Queue Consumer started
inside Disk Health
came in healthmeter bean
came in initHealth
 Queue manager qType : 0
 Queue manager qSize : 10000
Queue manager defined with queue type 0 and size 10000
Event Queue Consumer started
+++++++++++++++++++++++++++++++++++++++++++++++++++++++++++++++
creating bean JpqlToSqlConfig
In around applifire repository aspect
[EL Fine]: sql: 2016-01-12 12:41:37.446--ClientSession(2109683014)--Connection(1727476248)--Thread(Thread[Test worker,5,main])--SELECT query_id, active_status, app_creator_id, created_by, created_date, hidden_name, jpql_query, name, project_id, project_version_id, query_json, query_type, sql_query, updated_by, updated_date, user_access, version_id FROM art_query WHERE ((active_status = ?) AND (sql_query IS NULL))
	bind => [true]
[EL Config]: connection: 2016-01-12 12:41:37.465--ServerSession(1657095563)--Connection(1727476248)--Thread(Thread[Test worker,5,main])--disconnect
[EL Fine]: sql: 2016-01-12 12:41:37.473--ClientSession(1383545531)--Connection(1717732620)--Thread(Thread[Test worker,5,main])--SELECT query_id, active_status, app_creator_id, created_by, created_date, hidden_name, jpql_query, name, project_id, project_version_id, query_json, query_type, sql_query, updated_by, updated_date, user_access, version_id FROM art_query WHERE (query_id = ?)
	bind => [01085012-4DA3-407C-97B9-F4144F255E4C]
[EL Fine]: sql: 2016-01-12 12:41:37.477--ClientSession(1383545531)--Connection(1717732620)--Thread(Thread[Test worker,5,main])--UPDATE art_query SET sql_query = ? WHERE (query_id = ?)
	bind => [SELECT dataId, appSessionId, booleanValue, customerId, dataType, dateTimeValue, jsonValue, numberValue, sessionKey, stringValue, userId, versionId, createdBy, createdDate, updatedBy, updatedDate, activeStatus, txnAccessCode FROM ast_SessionData_T WHERE ((activeStatus = ?) AND (appSessionId = ?)), 01085012-4DA3-407C-97B9-F4144F255E4C]
[EL Config]: connection: 2016-01-12 12:41:37.682--ServerSession(1657095563)--Connection(1717732620)--Thread(Thread[Test worker,5,main])--disconnect
[EL Fine]: sql: 2016-01-12 12:41:37.688--ClientSession(398149473)--Connection(1072601706)--Thread(Thread[Test worker,5,main])--SELECT query_id, active_status, app_creator_id, created_by, created_date, hidden_name, jpql_query, name, project_id, project_version_id, query_json, query_type, sql_query, updated_by, updated_date, user_access, version_id FROM art_query WHERE (query_id = ?)
	bind => [11358CC2-8AC8-4C90-98CA-7863507B4B8A]
[EL Fine]: sql: 2016-01-12 12:41:37.692--ClientSession(398149473)--Connection(1072601706)--Thread(Thread[Test worker,5,main])--UPDATE art_query SET sql_query = ? WHERE (query_id = ?)
	bind => [SELECT dataId, appSessionId, booleanValue, customerId, dataType, dateTimeValue, jsonValue, numberValue, sessionKey, stringValue, userId, versionId, createdBy, createdDate, updatedBy, updatedDate, activeStatus, txnAccessCode FROM ast_SessionData_T WHERE (((activeStatus = ?) AND (appSessionId = ?)) AND (sessionKey = ?)), 11358CC2-8AC8-4C90-98CA-7863507B4B8A]
Tue Jan 12 12:41:37 UTC 2016|DH-TP|***.***.***| appLogger : Starting all DataHandler Worker Threads.....
[EL Config]: connection: 2016-01-12 12:41:37.87--ServerSession(1657095563)--Connection(1072601706)--Thread(Thread[Test worker,5,main])--disconnect
[EL Fine]: sql: 2016-01-12 12:41:37.888--ClientSession(1276626410)--Connection(1618433026)--Thread(Thread[Test worker,5,main])--SELECT query_id, active_status, app_creator_id, created_by, created_date, hidden_name, jpql_query, name, project_id, project_version_id, query_json, query_type, sql_query, updated_by, updated_date, user_access, version_id FROM art_query WHERE (query_id = ?)
	bind => [33B8B00D-8021-4B46-B076-9704B41BCDFC]
[EL Fine]: sql: 2016-01-12 12:41:37.891--ClientSession(1276626410)--Connection(1618433026)--Thread(Thread[Test worker,5,main])--UPDATE art_query SET sql_query = ? WHERE (query_id = ?)
	bind => [SELECT t0.requestId, t0.class_Name, t0.ip_Address, t0.request_Time, t0.request_Method, t0.http_Status, t0.return_Status, t0.execution_Time, t0.method_Name, t0.end_Time, t0.typeofClass, t0.callSeqId, t0.exceptionId, t0.appSessionId, t0.userId, t1.firstName FROM ast_User_T t3, ast_Login_T t2, ast_CoreContacts_T t1, zen_request_details t0 WHERE ((t3.userId = t0.userId) AND ((t3.userId = t2.userId) AND (t1.contactId = t2.contactId))) ORDER BY t0.request_Time DESC, 33B8B00D-8021-4B46-B076-9704B41BCDFC]
[EL Config]: connection: 2016-01-12 12:41:37.953--ServerSession(1657095563)--Connection(1618433026)--Thread(Thread[Test worker,5,main])--disconnect
[EL Fine]: sql: 2016-01-12 12:41:37.961--ClientSession(170521448)--Connection(1410773980)--Thread(Thread[Test worker,5,main])--SELECT query_id, active_status, app_creator_id, created_by, created_date, hidden_name, jpql_query, name, project_id, project_version_id, query_json, query_type, sql_query, updated_by, updated_date, user_access, version_id FROM art_query WHERE (query_id = ?)
	bind => [3B16D8CC-29AC-4146-AC57-2AEEFAE8D57A]
[EL Fine]: sql: 2016-01-12 12:41:37.964--ClientSession(170521448)--Connection(1410773980)--Thread(Thread[Test worker,5,main])--UPDATE art_query SET sql_query = ? WHERE (query_id = ?)
	bind => [SELECT t0.gender, t1.bloodGroup, t2.cityName, t3.donorName, t3.dateOfBirth, t3.phoneNo, t3.emailId, t3.lastDonationDate, t3.howoftenyoudonatedinpast FROM ast_Address_T t4, ast_RegisterADonor_T t3, ast_City_M t2, ast_BloodGroup_M t1, ast_Gender_M t0 WHERE (((((t3.bloodGroup = t1.bloodGroupId) AND (t3.gender = t0.genderId)) AND (t4.cityId = t2.cityId)) AND ((t3.donorName LIKE ? OR t3.phoneNo LIKE ?) OR t3.emailId LIKE ?)) AND (t4.addressId = t3.address)), 3B16D8CC-29AC-4146-AC57-2AEEFAE8D57A]
[EL Config]: connection: 2016-01-12 12:41:38.001--ServerSession(1657095563)--Connection(1410773980)--Thread(Thread[Test worker,5,main])--disconnect
[EL Fine]: sql: 2016-01-12 12:41:38.006--ClientSession(1644697450)--Connection(816267797)--Thread(Thread[Test worker,5,main])--SELECT query_id, active_status, app_creator_id, created_by, created_date, hidden_name, jpql_query, name, project_id, project_version_id, query_json, query_type, sql_query, updated_by, updated_date, user_access, version_id FROM art_query WHERE (query_id = ?)
	bind => [48E8E438-CCA9-48D6-B09C-54DC83C95125]
[EL Fine]: sql: 2016-01-12 12:41:38.009--ClientSession(1644697450)--Connection(816267797)--Thread(Thread[Test worker,5,main])--UPDATE art_query SET sql_query = ? WHERE (query_id = ?)
	bind => [SELECT t0.gender, t1.donorName, t1.dateOfBirth, t1.phoneNo, t1.emailId, t1.lastDonationDate, t2.bloodGroup FROM ast_Gender_M t0, ast_BloodGroup_M t2, ast_RegisterADonor_T t1 WHERE (((((t1.bloodGroup = t2.bloodGroupId) AND (t1.gender = t0.genderId)) AND t1.donorName LIKE ?) AND (t1.lastDonationDate >= ?)) AND (t1.lastDonationDate <= ?)), 48E8E438-CCA9-48D6-B09C-54DC83C95125]
[EL Config]: connection: 2016-01-12 12:41:38.076--ServerSession(1657095563)--Connection(816267797)--Thread(Thread[Test worker,5,main])--disconnect
[EL Fine]: sql: 2016-01-12 12:41:38.08--ClientSession(1323252896)--Connection(1015296271)--Thread(Thread[Test worker,5,main])--SELECT query_id, active_status, app_creator_id, created_by, created_date, hidden_name, jpql_query, name, project_id, project_version_id, query_json, query_type, sql_query, updated_by, updated_date, user_access, version_id FROM art_query WHERE (query_id = ?)
	bind => [A1E9F84A-1B56-47B9-AFC0-CB4C63F7F577]
[EL Fine]: sql: 2016-01-12 12:41:38.082--ClientSession(1323252896)--Connection(1015296271)--Thread(Thread[Test worker,5,main])--UPDATE art_query SET sql_query = ? WHERE (query_id = ?)
	bind => [SELECT t0.loginPk, t0.failedLoginAttempts, t0.loginId, t0.serverAuthImage, t0.serverAuthText, t0.versionId, t0.createdBy, t0.createdDate, t0.updatedBy, t0.updatedDate, t0.activeStatus, t0.txnAccessCode, t0.contactId, t0.userId FROM ast_Login_T t0, ast_User_T t1 WHERE (((t0.activeStatus = ?) AND t1.userId IN (SELECT t2.userId FROM ast_UserRoleBridge_T t2)) AND (t1.userId = t0.userId)), A1E9F84A-1B56-47B9-AFC0-CB4C63F7F577]
[EL Config]: connection: 2016-01-12 12:41:38.125--ServerSession(1657095563)--Connection(1015296271)--Thread(Thread[Test worker,5,main])--disconnect
[EL Fine]: sql: 2016-01-12 12:41:38.133--ClientSession(1206216840)--Connection(1648080510)--Thread(Thread[Test worker,5,main])--SELECT query_id, active_status, app_creator_id, created_by, created_date, hidden_name, jpql_query, name, project_id, project_version_id, query_json, query_type, sql_query, updated_by, updated_date, user_access, version_id FROM art_query WHERE (query_id = ?)
	bind => [BEC2F651-9011-4B78-A3ED-00F63CFC00D0]
[EL Fine]: sql: 2016-01-12 12:41:38.134--ClientSession(1206216840)--Connection(1648080510)--Thread(Thread[Test worker,5,main])--UPDATE art_query SET sql_query = ? WHERE (query_id = ?)
	bind => [SELECT healthId, scheduled_DateTime, server_Instance_Id, server_Ip_Address, ROUND((? - ((used_Space / total_Space) * ?))), ROUND(((used_Space / total_Space) * ?)), ROUND(((total_Space / ?) / ?)), status FROM zen_health_status ORDER BY scheduled_DateTime DESC, BEC2F651-9011-4B78-A3ED-00F63CFC00D0]
[EL Config]: connection: 2016-01-12 12:41:38.157--ServerSession(1657095563)--Connection(1648080510)--Thread(Thread[Test worker,5,main])--disconnect
[EL Fine]: sql: 2016-01-12 12:41:38.165--ClientSession(1642354014)--Connection(1728808874)--Thread(Thread[Test worker,5,main])--SELECT query_id, active_status, app_creator_id, created_by, created_date, hidden_name, jpql_query, name, project_id, project_version_id, query_json, query_type, sql_query, updated_by, updated_date, user_access, version_id FROM art_query WHERE (query_id = ?)
	bind => [D0E491EF-4695-451C-851D-7F91CBD0F717]
[EL Fine]: sql: 2016-01-12 12:41:38.167--ClientSession(1642354014)--Connection(1728808874)--Thread(Thread[Test worker,5,main])--UPDATE art_query SET sql_query = ? WHERE (query_id = ?)
	bind => [SELECT monitor_id, scheduled_DateTime, server_Instance_Id, server_Ip_Address, total_Class, class_Loaded, class_Unloaded, gc_Collection_Time, gc_Memory_Name, ((non_Heap_Committed / ?) / ?), ((non_Heap_used / ?) / ?), ((heap_Committed / ?) / ?), ((max_Memory / ?) / ?), (? - ((used_Memory / total_Memory) * ?)), ((heap_Used / ?) / ?), ((total_Memory / ?) / ?), start_Time, up_Time, cpu_Time, ((free_Physical_Size / ?) / ?), ((total_Physical_Memory_Size / ?) / ?), cpu_Load_Time, ROUND(((free_Swap_Size / ?) / ?)), system_Load_Average, ROUND(((total_Swap_Size / ?) / ?)), available_Processor, total_Thread, thread_Peak_Count, thread_Started_Count, thread_Daemon_Count, thread_Cpu_Time, thread_User_Time, cpu_Load, ((used_Memory / total_Memory) * ?), ((used_Swap_Size / ?) / ?), ((used_Physical_Memory / ?) / ?) FROM zen_health ORDER BY scheduled_DateTime DESC, D0E491EF-4695-451C-851D-7F91CBD0F717]
[EL Fine]: sql: 2016-01-12 12:41:38.192--ClientSession(1827354126)--Connection(1728808874)--Thread(Thread[Test worker,5,main])--SELECT query_id, active_status, app_creator_id, created_by, created_date, hidden_name, jpql_query, name, project_id, project_version_id, query_json, query_type, sql_query, updated_by, updated_date, user_access, version_id FROM art_query WHERE (query_id = ?)
	bind => [D3C5E9BA-2143-412B-82A3-267E101593AE]
[EL Fine]: sql: 2016-01-12 12:41:38.194--ClientSession(1827354126)--Connection(1728808874)--Thread(Thread[Test worker,5,main])--UPDATE art_query SET sql_query = ? WHERE (query_id = ?)
	bind => [SELECT t0.loginPk, t0.failedLoginAttempts, t0.loginId, t0.serverAuthImage, t0.serverAuthText, t0.versionId, t0.createdBy, t0.createdDate, t0.updatedBy, t0.updatedDate, t0.activeStatus, t0.txnAccessCode, t0.contactId, t0.userId FROM ast_Login_T t0, ast_User_T t1 WHERE (((t0.activeStatus = ?) AND t1.userId NOT IN (SELECT t2.userId FROM ast_UserRoleBridge_T t2)) AND (t1.userId = t0.userId)), D3C5E9BA-2143-412B-82A3-267E101593AE]
[EL Fine]: sql: 2016-01-12 12:41:38.225--ClientSession(1243443547)--Connection(1728808874)--Thread(Thread[Test worker,5,main])--SELECT query_id, active_status, app_creator_id, created_by, created_date, hidden_name, jpql_query, name, project_id, project_version_id, query_json, query_type, sql_query, updated_by, updated_date, user_access, version_id FROM art_query WHERE (query_id = ?)
	bind => [E2659890-2C58-41B3-8C45-927D97539FE7]
[EL Fine]: sql: 2016-01-12 12:41:38.227--ClientSession(1243443547)--Connection(1728808874)--Thread(Thread[Test worker,5,main])--UPDATE art_query SET sql_query = ? WHERE (query_id = ?)
	bind => [DELETE FROM ast_SessionData_T WHERE ((activeStatus = ?) AND (appSessionId = ?)), E2659890-2C58-41B3-8C45-927D97539FE7]
[EL Fine]: sql: 2016-01-12 12:41:38.262--ClientSession(428500281)--Connection(1728808874)--Thread(Thread[Test worker,5,main])--SELECT query_id, active_status, app_creator_id, created_by, created_date, hidden_name, jpql_query, name, project_id, project_version_id, query_json, query_type, sql_query, updated_by, updated_date, user_access, version_id FROM art_query WHERE (query_id = ?)
	bind => [F58108F6-9ADA-4378-ACBA-3CF788E4F784]
[EL Fine]: sql: 2016-01-12 12:41:38.264--ClientSession(428500281)--Connection(1728808874)--Thread(Thread[Test worker,5,main])--UPDATE art_query SET sql_query = ? WHERE (query_id = ?)
	bind => [SELECT t0.collectedDate, t0.expirydate, t0.noOfUnits, t0.isTested, t1.donorName, t1.phoneNo, t1.emailId, t2.bloodGroup, t3.gender FROM ast_DonorVisit_T t4, ast_Gender_M t3, ast_BloodGroup_M t2, ast_RegisterADonor_T t1, ast_BloodResult_T t0 WHERE ((((((t0.donorVisit = t4.donorVisitId) AND (t4.donor = t1.registerADonorId)) AND (t1.bloodGroup = t2.bloodGroupId)) AND (t1.gender = t3.genderId)) AND (t0.collectedDate >= ?)) AND (t0.collectedDate <= ?)), F58108F6-9ADA-4378-ACBA-3CF788E4F784]
came in myClass bean
Setting logged in user info for ADD
In around repository aspect
[EL Fine]: sql: 2016-01-12 12:41:41.879--ClientSession(1191103160)--Connection(1728808874)--Thread(Thread[Test worker,5,main])--INSERT INTO ast_Country_M (countryId, capital, capitalLatitude, capitalLongitude, countryCode1, countryCode2, countryFlag, countryName, currencyCode, currencyName, currencySymbol, isoNumeric, versionId, createdBy, createdDate, updatedBy, updatedDate, activeStatus, txnAccessCode) VALUES (?, ?, ?, ?, ?, ?, ?, ?, ?, ?, ?, ?, ?, ?, ?, ?, ?, ?, ?)
	bind => [A083AA1C-847E-4CE2-BDBB-18F83ADC5075, bEFuqh6WCjUbdr2CQcwTLqIMs6eV87AH, 0, 10, leQ, Oqi, DqFPLUkli9AG5nP7dnFamlCsCxHbXCdh7vaQwnZOrOPt4yfBNX, Bg7z7pBAfNeauReMFFcEg2A0CxG6zWsZn19U1fagBt7vgEXMra, sp4, sHu1tUQyWHgm67V8ktxWG72xWAd3O5CGoDIC0aDmRjTU5HroKp, FvuR4aSvyGKOcCDwVmNLau4i7jzggrge, 9, 1, AAAAA, 2016-01-12 12:41:41.745, null, 2016-01-12 12:41:41.745, 1, null]
In around repository aspect
[EL Fine]: sql: 2016-01-12 12:41:42.001--ClientSession(691660567)--Connection(1728808874)--Thread(Thread[Test worker,5,main])--SELECT countryId, capital, capitalLatitude, capitalLongitude, countryCode1, countryCode2, countryFlag, countryName, currencyCode, currencyName, currencySymbol, isoNumeric, versionId, createdBy, createdDate, updatedBy, updatedDate, activeStatus, txnAccessCode FROM ast_Country_M WHERE ((activeStatus = ?) AND (countryId = ?))
	bind => [1, A083AA1C-847E-4CE2-BDBB-18F83ADC5075]
Setting logged in user info for UPDATE
In around repository aspect
[EL Fine]: sql: 2016-01-12 12:41:42.01--ClientSession(1075756268)--Connection(1728808874)--Thread(Thread[Test worker,5,main])--SELECT countryId, capital, capitalLatitude, capitalLongitude, countryCode1, countryCode2, countryFlag, countryName, currencyCode, currencyName, currencySymbol, isoNumeric, versionId, createdBy, createdDate, updatedBy, updatedDate, activeStatus, txnAccessCode FROM ast_Country_M WHERE (countryId = ?)
	bind => [A083AA1C-847E-4CE2-BDBB-18F83ADC5075]
[EL Fine]: sql: 2016-01-12 12:41:42.015--ClientSession(1075756268)--Connection(1728808874)--Thread(Thread[Test worker,5,main])--UPDATE ast_Country_M SET capital = ?, capitalLatitude = ?, capitalLongitude = ?, countryCode1 = ?, countryCode2 = ?, countryFlag = ?, countryName = ?, currencyCode = ?, currencyName = ?, currencySymbol = ?, isoNumeric = ?, updatedBy = ?, versionId = ? WHERE ((countryId = ?) AND (versionId = ?))
	bind => [oKQo0VGyofFUtMX8gAFbBNkbZEP25qy6, 6, 9, PEv, RuE, uUm4nkcRQpgCsSfXUahcZ86BiTUG3Pd0zf1cS5ghAfocMZ8UKj, 2H0IxkPP8kJ5Jp7mkJYA6GlcvNI4O8fRzgTe6KPQglWF8K0EIo, kSx, YgU68D5vgm43VdxapCqRF4YCS6bTYQhThox3gu39zXjROqd71d, xwmeQWCuniVaqfZBTlLabzPQWZBjG5Im, 11, AAAAA, 2, A083AA1C-847E-4CE2-BDBB-18F83ADC5075, 1]
In around repository aspect
[EL Fine]: sql: 2016-01-12 12:41:42.054--ClientSession(28270942)--Connection(1728808874)--Thread(Thread[Test worker,5,main])--SELECT countryId, capital, capitalLatitude, capitalLongitude, countryCode1, countryCode2, countryFlag, countryName, currencyCode, currencyName, currencySymbol, isoNumeric, versionId, createdBy, createdDate, updatedBy, updatedDate, activeStatus, txnAccessCode FROM ast_Country_M WHERE ((activeStatus = ?) AND (countryId = ?))
	bind => [1, A083AA1C-847E-4CE2-BDBB-18F83ADC5075]
In around repository aspect
[EL Fine]: sql: 2016-01-12 12:41:42.068--ClientSession(43030133)--Connection(1728808874)--Thread(Thread[Test worker,5,main])--SELECT countryId, capital, capitalLatitude, capitalLongitude, countryCode1, countryCode2, countryFlag, countryName, currencyCode, currencyName, currencySymbol, isoNumeric, versionId, createdBy, createdDate, updatedBy, updatedDate, activeStatus, txnAccessCode FROM ast_Country_M WHERE (countryId = ?)
	bind => [A083AA1C-847E-4CE2-BDBB-18F83ADC5075]
[EL Fine]: sql: 2016-01-12 12:41:42.072--ClientSession(43030133)--Connection(1728808874)--Thread(Thread[Test worker,5,main])--DELETE FROM ast_Country_M WHERE ((countryId = ?) AND (versionId = ?))
	bind => [A083AA1C-847E-4CE2-BDBB-18F83ADC5075, 2]
]]></system-out>
  <system-err><![CDATA[log4j:WARN No appenders could be found for logger (org.springframework.test.context.junit4.SpringJUnit4ClassRunner).
log4j:WARN Please initialize the log4j system properly.
log4j:WARN See http://logging.apache.org/log4j/1.2/faq.html#noconfig for more info.
Final Query : SELECT dataId, appSessionId, booleanValue, customerId, dataType, dateTimeValue, jsonValue, numberValue, sessionKey, stringValue, userId, versionId, createdBy, createdDate, updatedBy, updatedDate, activeStatus, txnAccessCode FROM ast_SessionData_T WHERE ((activeStatus = ?) AND (appSessionId = ?))
Final Query : SELECT dataId, appSessionId, booleanValue, customerId, dataType, dateTimeValue, jsonValue, numberValue, sessionKey, stringValue, userId, versionId, createdBy, createdDate, updatedBy, updatedDate, activeStatus, txnAccessCode FROM ast_SessionData_T WHERE (((activeStatus = ?) AND (appSessionId = ?)) AND (sessionKey = ?))
Final Query : SELECT t0.requestId, t0.class_Name, t0.ip_Address, t0.request_Time, t0.request_Method, t0.http_Status, t0.return_Status, t0.execution_Time, t0.method_Name, t0.end_Time, t0.typeofClass, t0.callSeqId, t0.exceptionId, t0.appSessionId, t0.userId, t1.firstName FROM ast_User_T t3, ast_Login_T t2, ast_CoreContacts_T t1, zen_request_details t0 WHERE ((t3.userId = t0.userId) AND ((t3.userId = t2.userId) AND (t1.contactId = t2.contactId))) ORDER BY t0.request_Time DESC
Final Query : SELECT t0.gender, t1.bloodGroup, t2.cityName, t3.donorName, t3.dateOfBirth, t3.phoneNo, t3.emailId, t3.lastDonationDate, t3.howoftenyoudonatedinpast FROM ast_Address_T t4, ast_RegisterADonor_T t3, ast_City_M t2, ast_BloodGroup_M t1, ast_Gender_M t0 WHERE (((((t3.bloodGroup = t1.bloodGroupId) AND (t3.gender = t0.genderId)) AND (t4.cityId = t2.cityId)) AND ((t3.donorName LIKE ? OR t3.phoneNo LIKE ?) OR t3.emailId LIKE ?)) AND (t4.addressId = t3.address))
Final Query : SELECT t0.gender, t1.donorName, t1.dateOfBirth, t1.phoneNo, t1.emailId, t1.lastDonationDate, t2.bloodGroup FROM ast_Gender_M t0, ast_BloodGroup_M t2, ast_RegisterADonor_T t1 WHERE (((((t1.bloodGroup = t2.bloodGroupId) AND (t1.gender = t0.genderId)) AND t1.donorName LIKE ?) AND (t1.lastDonationDate >= ?)) AND (t1.lastDonationDate <= ?))
Final Query : SELECT t0.loginPk, t0.failedLoginAttempts, t0.loginId, t0.serverAuthImage, t0.serverAuthText, t0.versionId, t0.createdBy, t0.createdDate, t0.updatedBy, t0.updatedDate, t0.activeStatus, t0.txnAccessCode, t0.contactId, t0.userId FROM ast_Login_T t0, ast_User_T t1 WHERE (((t0.activeStatus = ?) AND t1.userId IN (SELECT t2.userId FROM ast_UserRoleBridge_T t2)) AND (t1.userId = t0.userId))
Final Query : SELECT healthId, scheduled_DateTime, server_Instance_Id, server_Ip_Address, ROUND((? - ((used_Space / total_Space) * ?))), ROUND(((used_Space / total_Space) * ?)), ROUND(((total_Space / ?) / ?)), status FROM zen_health_status ORDER BY scheduled_DateTime DESC
Final Query : SELECT monitor_id, scheduled_DateTime, server_Instance_Id, server_Ip_Address, total_Class, class_Loaded, class_Unloaded, gc_Collection_Time, gc_Memory_Name, ((non_Heap_Committed / ?) / ?), ((non_Heap_used / ?) / ?), ((heap_Committed / ?) / ?), ((max_Memory / ?) / ?), (? - ((used_Memory / total_Memory) * ?)), ((heap_Used / ?) / ?), ((total_Memory / ?) / ?), start_Time, up_Time, cpu_Time, ((free_Physical_Size / ?) / ?), ((total_Physical_Memory_Size / ?) / ?), cpu_Load_Time, ROUND(((free_Swap_Size / ?) / ?)), system_Load_Average, ROUND(((total_Swap_Size / ?) / ?)), available_Processor, total_Thread, thread_Peak_Count, thread_Started_Count, thread_Daemon_Count, thread_Cpu_Time, thread_User_Time, cpu_Load, ((used_Memory / total_Memory) * ?), ((used_Swap_Size / ?) / ?), ((used_Physical_Memory / ?) / ?) FROM zen_health ORDER BY scheduled_DateTime DESC
Final Query : SELECT t0.loginPk, t0.failedLoginAttempts, t0.loginId, t0.serverAuthImage, t0.serverAuthText, t0.versionId, t0.createdBy, t0.createdDate, t0.updatedBy, t0.updatedDate, t0.activeStatus, t0.txnAccessCode, t0.contactId, t0.userId FROM ast_Login_T t0, ast_User_T t1 WHERE (((t0.activeStatus = ?) AND t1.userId NOT IN (SELECT t2.userId FROM ast_UserRoleBridge_T t2)) AND (t1.userId = t0.userId))
Final Query : DELETE FROM ast_SessionData_T WHERE ((activeStatus = ?) AND (appSessionId = ?))
Final Query : SELECT t0.collectedDate, t0.expirydate, t0.noOfUnits, t0.isTested, t1.donorName, t1.phoneNo, t1.emailId, t2.bloodGroup, t3.gender FROM ast_DonorVisit_T t4, ast_Gender_M t3, ast_BloodGroup_M t2, ast_RegisterADonor_T t1, ast_BloodResult_T t0 WHERE ((((((t0.donorVisit = t4.donorVisitId) AND (t4.donor = t1.registerADonorId)) AND (t1.bloodGroup = t2.bloodGroupId)) AND (t1.gender = t3.genderId)) AND (t0.collectedDate >= ?)) AND (t0.collectedDate <= ?))
]]></system-err>
</testsuite>
