<?xml version="1.0" encoding="UTF-8"?>
<testsuite name="com.app.server.service.DonationTypeTestCase" tests="4" skipped="0" failures="0" errors="0" timestamp="2016-01-12T12:41:47" hostname="bef48ae51ba4" time="0.266">
  <properties/>
  <testcase name="test1Save" classname="com.app.server.service.DonationTypeTestCase" time="0.142"/>
  <testcase name="test2Update" classname="com.app.server.service.DonationTypeTestCase" time="0.075"/>
  <testcase name="test3FindById" classname="com.app.server.service.DonationTypeTestCase" time="0.008"/>
  <testcase name="test4Delete" classname="com.app.server.service.DonationTypeTestCase" time="0.04"/>
  <system-out><![CDATA[Setting logged in user info for ADD
In around repository aspect
[EL Fine]: sql: 2016-01-12 12:41:47.265--ClientSession(689924296)--Connection(1728808874)--Thread(Thread[Test worker,5,main])--INSERT INTO ast_DonationType_M (donationTypeId, donationType, versionId, createdBy, createdDate, updatedBy, updatedDate, activeStatus, txnAccessCode) VALUES (?, ?, ?, ?, ?, ?, ?, ?, ?)
	bind => [0BA8DBF1-F1AC-40EC-A1A1-6C4F7FBA8535, mB7WmYpFhJwdOCNXAPRXvuDDgton1oo4jcRj6s1KYXzfs3Ygrf, 1, AAAAA, 2016-01-12 12:41:47.222, null, 2016-01-12 12:41:47.222, 1, null]
In around repository aspect
[EL Fine]: sql: 2016-01-12 12:41:47.352--ClientSession(1980952156)--Connection(1728808874)--Thread(Thread[Test worker,5,main])--SELECT donationTypeId, donationType, versionId, createdBy, createdDate, updatedBy, updatedDate, activeStatus, txnAccessCode FROM ast_DonationType_M WHERE ((activeStatus = ?) AND (donationTypeId = ?))
	bind => [1, 0BA8DBF1-F1AC-40EC-A1A1-6C4F7FBA8535]
Setting logged in user info for UPDATE
In around repository aspect
[EL Fine]: sql: 2016-01-12 12:41:47.355--ClientSession(44897688)--Connection(1728808874)--Thread(Thread[Test worker,5,main])--SELECT donationTypeId, donationType, versionId, createdBy, createdDate, updatedBy, updatedDate, activeStatus, txnAccessCode FROM ast_DonationType_M WHERE (donationTypeId = ?)
	bind => [0BA8DBF1-F1AC-40EC-A1A1-6C4F7FBA8535]
[EL Fine]: sql: 2016-01-12 12:41:47.357--ClientSession(44897688)--Connection(1728808874)--Thread(Thread[Test worker,5,main])--UPDATE ast_DonationType_M SET donationType = ?, updatedBy = ?, versionId = ? WHERE ((donationTypeId = ?) AND (versionId = ?))
	bind => [7KijItBLnL4ozGrYTzICGBbzQRE3Xnj8o30zmLnz0yynGT3KHj, AAAAA, 2, 0BA8DBF1-F1AC-40EC-A1A1-6C4F7FBA8535, 1]
In around repository aspect
[EL Fine]: sql: 2016-01-12 12:41:47.429--ClientSession(1987131589)--Connection(1728808874)--Thread(Thread[Test worker,5,main])--SELECT donationTypeId, donationType, versionId, createdBy, createdDate, updatedBy, updatedDate, activeStatus, txnAccessCode FROM ast_DonationType_M WHERE ((activeStatus = ?) AND (donationTypeId = ?))
	bind => [1, 0BA8DBF1-F1AC-40EC-A1A1-6C4F7FBA8535]
In around repository aspect
[EL Fine]: sql: 2016-01-12 12:41:47.44--ClientSession(1991829934)--Connection(1728808874)--Thread(Thread[Test worker,5,main])--SELECT donationTypeId, donationType, versionId, createdBy, createdDate, updatedBy, updatedDate, activeStatus, txnAccessCode FROM ast_DonationType_M WHERE (donationTypeId = ?)
	bind => [0BA8DBF1-F1AC-40EC-A1A1-6C4F7FBA8535]
[EL Fine]: sql: 2016-01-12 12:41:47.443--ClientSession(1991829934)--Connection(1728808874)--Thread(Thread[Test worker,5,main])--DELETE FROM ast_DonationType_M WHERE ((donationTypeId = ?) AND (versionId = ?))
	bind => [0BA8DBF1-F1AC-40EC-A1A1-6C4F7FBA8535, 2]
]]></system-out>
  <system-err><![CDATA[]]></system-err>
</testsuite>
