<?xml version="1.0" encoding="UTF-8"?>
<testsuite name="com.app.server.service.GenderTestCase" tests="4" skipped="0" failures="0" errors="0" timestamp="2016-01-12T12:41:56" hostname="bef48ae51ba4" time="0.188">
  <properties/>
  <testcase name="test1Save" classname="com.app.server.service.GenderTestCase" time="0.048"/>
  <testcase name="test2Update" classname="com.app.server.service.GenderTestCase" time="0.073"/>
  <testcase name="test3FindById" classname="com.app.server.service.GenderTestCase" time="0.007"/>
  <testcase name="test4Delete" classname="com.app.server.service.GenderTestCase" time="0.06"/>
  <system-out><![CDATA[Setting logged in user info for ADD
In around repository aspect
[EL Fine]: sql: 2016-01-12 12:41:56.082--ClientSession(1636784374)--Connection(1728808874)--Thread(Thread[Test worker,5,main])--INSERT INTO ast_Gender_M (genderId, gender, versionId, createdBy, createdDate, updatedBy, updatedDate, activeStatus, txnAccessCode) VALUES (?, ?, ?, ?, ?, ?, ?, ?, ?)
	bind => [6FB629E9-443B-4B55-85D8-623E32DE894F, GlNthB9hKGOYHQE2BxO283c8AbjTkQO66aXFnbn2KFAEAcPFLU, 1, AAAAA, 2016-01-12 12:41:56.077, null, 2016-01-12 12:41:56.077, 1, null]
In around repository aspect
[EL Fine]: sql: 2016-01-12 12:41:56.121--ClientSession(766010529)--Connection(1728808874)--Thread(Thread[Test worker,5,main])--SELECT genderId, gender, versionId, createdBy, createdDate, updatedBy, updatedDate, activeStatus, txnAccessCode FROM ast_Gender_M WHERE ((activeStatus = ?) AND (genderId = ?))
	bind => [1, 6FB629E9-443B-4B55-85D8-623E32DE894F]
Setting logged in user info for UPDATE
In around repository aspect
[EL Fine]: sql: 2016-01-12 12:41:56.125--ClientSession(764936280)--Connection(1728808874)--Thread(Thread[Test worker,5,main])--SELECT genderId, gender, versionId, createdBy, createdDate, updatedBy, updatedDate, activeStatus, txnAccessCode FROM ast_Gender_M WHERE (genderId = ?)
	bind => [6FB629E9-443B-4B55-85D8-623E32DE894F]
[EL Fine]: sql: 2016-01-12 12:41:56.127--ClientSession(764936280)--Connection(1728808874)--Thread(Thread[Test worker,5,main])--UPDATE ast_Gender_M SET gender = ?, updatedBy = ?, versionId = ? WHERE ((genderId = ?) AND (versionId = ?))
	bind => [P9Fuw5s8N1ljJzfxoyfMPaqg5DgdVhZ4u0tukjiAUKGpMAUiIH, AAAAA, 2, 6FB629E9-443B-4B55-85D8-623E32DE894F, 1]
In around repository aspect
[EL Fine]: sql: 2016-01-12 12:41:56.193--ClientSession(387270649)--Connection(1728808874)--Thread(Thread[Test worker,5,main])--SELECT genderId, gender, versionId, createdBy, createdDate, updatedBy, updatedDate, activeStatus, txnAccessCode FROM ast_Gender_M WHERE ((activeStatus = ?) AND (genderId = ?))
	bind => [1, 6FB629E9-443B-4B55-85D8-623E32DE894F]
In around repository aspect
[EL Fine]: sql: 2016-01-12 12:41:56.201--ClientSession(1463015597)--Connection(1728808874)--Thread(Thread[Test worker,5,main])--SELECT genderId, gender, versionId, createdBy, createdDate, updatedBy, updatedDate, activeStatus, txnAccessCode FROM ast_Gender_M WHERE (genderId = ?)
	bind => [6FB629E9-443B-4B55-85D8-623E32DE894F]
[EL Fine]: sql: 2016-01-12 12:41:56.203--ClientSession(1463015597)--Connection(1728808874)--Thread(Thread[Test worker,5,main])--DELETE FROM ast_Gender_M WHERE ((genderId = ?) AND (versionId = ?))
	bind => [6FB629E9-443B-4B55-85D8-623E32DE894F, 2]
]]></system-out>
  <system-err><![CDATA[]]></system-err>
</testsuite>
