<?xml version="1.0" encoding="UTF-8"?>
<testsuite name="com.app.server.service.PasswordPolicyTestCase" tests="4" skipped="0" failures="0" errors="0" timestamp="2016-01-12T12:41:57" hostname="bef48ae51ba4" time="0.245">
  <properties/>
  <testcase name="test1Save" classname="com.app.server.service.PasswordPolicyTestCase" time="0.147"/>
  <testcase name="test2Update" classname="com.app.server.service.PasswordPolicyTestCase" time="0.048"/>
  <testcase name="test3FindById" classname="com.app.server.service.PasswordPolicyTestCase" time="0.01"/>
  <testcase name="test4Delete" classname="com.app.server.service.PasswordPolicyTestCase" time="0.04"/>
  <system-out><![CDATA[Setting logged in user info for ADD
In around repository aspect
[EL Fine]: sql: 2016-01-12 12:41:57.814--ClientSession(1786458791)--Connection(1728808874)--Thread(Thread[Test worker,5,main])--INSERT INTO ast_PasswordPolicy_M (policyId, allowedSpecialLetters, maxPwdLength, minCapitalLetters, minNumericValues, minPwdLength, minSmallLetters, minSpecialLetters, policyDescription, policyName, versionId, createdBy, createdDate, updatedBy, updatedDate, activeStatus, txnAccessCode) VALUES (?, ?, ?, ?, ?, ?, ?, ?, ?, ?, ?, ?, ?, ?, ?, ?, ?)
	bind => [2DEA899F-5C1E-4A72-BA3E-B4A1047C024F, Bz9K2O9XIdLPA0ZJyluMffOCBH3LldRHDp9sy7ETm5AP6yYa4J, 17, 11, 3, 7, 10, 4, Xea51xb3nYLhGpk92j9R8b5xDxsFrQ1OQefCIGs5QwfwfVxZyw, I6GOaBLf3fweGMprPIuqaJU7pUlMw9TxrIaw1bT37t6j9O3UaD, 1, AAAAA, 2016-01-12 12:41:57.769, null, 2016-01-12 12:41:57.769, 1, null]
In around repository aspect
[EL Fine]: sql: 2016-01-12 12:41:57.907--ClientSession(1928585867)--Connection(1728808874)--Thread(Thread[Test worker,5,main])--SELECT policyId, allowedSpecialLetters, maxPwdLength, minCapitalLetters, minNumericValues, minPwdLength, minSmallLetters, minSpecialLetters, policyDescription, policyName, versionId, createdBy, createdDate, updatedBy, updatedDate, activeStatus, txnAccessCode FROM ast_PasswordPolicy_M WHERE ((activeStatus = ?) AND (policyId = ?))
	bind => [1, 2DEA899F-5C1E-4A72-BA3E-B4A1047C024F]
Setting logged in user info for UPDATE
In around repository aspect
[EL Fine]: sql: 2016-01-12 12:41:57.912--ClientSession(1317185119)--Connection(1728808874)--Thread(Thread[Test worker,5,main])--SELECT policyId, allowedSpecialLetters, maxPwdLength, minCapitalLetters, minNumericValues, minPwdLength, minSmallLetters, minSpecialLetters, policyDescription, policyName, versionId, createdBy, createdDate, updatedBy, updatedDate, activeStatus, txnAccessCode FROM ast_PasswordPolicy_M WHERE (policyId = ?)
	bind => [2DEA899F-5C1E-4A72-BA3E-B4A1047C024F]
[EL Fine]: sql: 2016-01-12 12:41:57.915--ClientSession(1317185119)--Connection(1728808874)--Thread(Thread[Test worker,5,main])--UPDATE ast_PasswordPolicy_M SET allowedSpecialLetters = ?, maxPwdLength = ?, minCapitalLetters = ?, minNumericValues = ?, minPwdLength = ?, minSmallLetters = ?, minSpecialLetters = ?, policyDescription = ?, policyName = ?, updatedBy = ?, versionId = ? WHERE ((policyId = ?) AND (versionId = ?))
	bind => [Ehsrnqd4q3FNcZnqV99EjiXEgtHZThshEytBgLAquNBC5cEmiA, 30, 5, 6, 4, 6, 3, QlJFuA6A0LUUrBfaeoq4csAMdc76aX5MrKuZcQlKNl7RArkDCu, BsoyLyV5n0RgpK42oEIw72VvLONsjqbxbN2qubjZrMzDLdYHT6, AAAAA, 2, 2DEA899F-5C1E-4A72-BA3E-B4A1047C024F, 1]
In around repository aspect
[EL Fine]: sql: 2016-01-12 12:41:57.955--ClientSession(1245781628)--Connection(1728808874)--Thread(Thread[Test worker,5,main])--SELECT policyId, allowedSpecialLetters, maxPwdLength, minCapitalLetters, minNumericValues, minPwdLength, minSmallLetters, minSpecialLetters, policyDescription, policyName, versionId, createdBy, createdDate, updatedBy, updatedDate, activeStatus, txnAccessCode FROM ast_PasswordPolicy_M WHERE ((activeStatus = ?) AND (policyId = ?))
	bind => [1, 2DEA899F-5C1E-4A72-BA3E-B4A1047C024F]
In around repository aspect
[EL Fine]: sql: 2016-01-12 12:41:57.964--ClientSession(292695276)--Connection(1728808874)--Thread(Thread[Test worker,5,main])--SELECT policyId, allowedSpecialLetters, maxPwdLength, minCapitalLetters, minNumericValues, minPwdLength, minSmallLetters, minSpecialLetters, policyDescription, policyName, versionId, createdBy, createdDate, updatedBy, updatedDate, activeStatus, txnAccessCode FROM ast_PasswordPolicy_M WHERE (policyId = ?)
	bind => [2DEA899F-5C1E-4A72-BA3E-B4A1047C024F]
[EL Fine]: sql: 2016-01-12 12:41:57.966--ClientSession(292695276)--Connection(1728808874)--Thread(Thread[Test worker,5,main])--DELETE FROM ast_PasswordPolicy_M WHERE ((policyId = ?) AND (versionId = ?))
	bind => [2DEA899F-5C1E-4A72-BA3E-B4A1047C024F, 2]
]]></system-out>
  <system-err><![CDATA[]]></system-err>
</testsuite>
