<?xml version="1.0" encoding="UTF-8"?>
<testsuite name="com.app.server.service.PasswordAlgoTestCase" tests="4" skipped="0" failures="0" errors="0" timestamp="2016-01-12T12:41:53" hostname="bef48ae51ba4" time="0.228">
  <properties/>
  <testcase name="test1Save" classname="com.app.server.service.PasswordAlgoTestCase" time="0.113"/>
  <testcase name="test2Update" classname="com.app.server.service.PasswordAlgoTestCase" time="0.047"/>
  <testcase name="test3FindById" classname="com.app.server.service.PasswordAlgoTestCase" time="0.006"/>
  <testcase name="test4Delete" classname="com.app.server.service.PasswordAlgoTestCase" time="0.061"/>
  <system-out><![CDATA[Setting logged in user info for ADD
In around repository aspect
[EL Fine]: sql: 2016-01-12 12:41:53.066--ClientSession(1092011884)--Connection(1728808874)--Thread(Thread[Test worker,5,main])--INSERT INTO ast_PasswordAlgo_M (algoId, algoDescription, algoHelp, algoIcon, algoName, algorithm, versionId, createdBy, createdDate, updatedBy, updatedDate, activeStatus, txnAccessCode) VALUES (?, ?, ?, ?, ?, ?, ?, ?, ?, ?, ?, ?, ?)
	bind => [C82BDD7A-A5BD-48CD-9186-2DFFBEF14A6E, iVYBkhqR0ZJ4GUv07DeAOJeOL16JhHKupTSXS6JpOSdo7H4iKM, vuv3qeUY9wnfWvLDg9lxRcMFE9PaibZhXd98Y2RufG4hZfjIaK, qGvZxwwXDM9IRS9zXXfnq0tD1T3qHGrUJWnzeQMJlImmDz7uxf, wdq8kX2r1BAPkTy0cwOONF9Vk9TmEPDmSgOUjtOUSP869MfprE, 7, 1, AAAAA, 2016-01-12 12:41:53.017, null, 2016-01-12 12:41:53.017, 1, null]
In around repository aspect
[EL Fine]: sql: 2016-01-12 12:41:53.123--ClientSession(291926351)--Connection(1728808874)--Thread(Thread[Test worker,5,main])--SELECT algoId, algoDescription, algoHelp, algoIcon, algoName, algorithm, versionId, createdBy, createdDate, updatedBy, updatedDate, activeStatus, txnAccessCode FROM ast_PasswordAlgo_M WHERE ((activeStatus = ?) AND (algoId = ?))
	bind => [1, C82BDD7A-A5BD-48CD-9186-2DFFBEF14A6E]
Setting logged in user info for UPDATE
In around repository aspect
[EL Fine]: sql: 2016-01-12 12:41:53.127--ClientSession(1211886285)--Connection(1728808874)--Thread(Thread[Test worker,5,main])--SELECT algoId, algoDescription, algoHelp, algoIcon, algoName, algorithm, versionId, createdBy, createdDate, updatedBy, updatedDate, activeStatus, txnAccessCode FROM ast_PasswordAlgo_M WHERE (algoId = ?)
	bind => [C82BDD7A-A5BD-48CD-9186-2DFFBEF14A6E]
[EL Fine]: sql: 2016-01-12 12:41:53.129--ClientSession(1211886285)--Connection(1728808874)--Thread(Thread[Test worker,5,main])--UPDATE ast_PasswordAlgo_M SET algoDescription = ?, algoHelp = ?, algoIcon = ?, algoName = ?, updatedBy = ?, versionId = ? WHERE ((algoId = ?) AND (versionId = ?))
	bind => [GZnr3JZojpuFt83DXUfENxMU0E4Hoq2iWiOkITbkM7jZzRvTAC, 5SvwkM9lUx5GWk3tEWModIJQeTP67kSPsx2rnPiAzqg80aJ3UD, KXygDCU3dm2zGjvR0LDlYpBKkeEilMVp8Xw5CzDnOjIjtG9qRE, ql6RrSGDqZXu9Vacys1r7ZlX57gi6VpMDM7YeUa8hGiTmvkfYx, AAAAA, 2, C82BDD7A-A5BD-48CD-9186-2DFFBEF14A6E, 1]
In around repository aspect
[EL Fine]: sql: 2016-01-12 12:41:53.169--ClientSession(1948748490)--Connection(1728808874)--Thread(Thread[Test worker,5,main])--SELECT algoId, algoDescription, algoHelp, algoIcon, algoName, algorithm, versionId, createdBy, createdDate, updatedBy, updatedDate, activeStatus, txnAccessCode FROM ast_PasswordAlgo_M WHERE ((activeStatus = ?) AND (algoId = ?))
	bind => [1, C82BDD7A-A5BD-48CD-9186-2DFFBEF14A6E]
In around repository aspect
[EL Fine]: sql: 2016-01-12 12:41:53.174--ClientSession(400513424)--Connection(1728808874)--Thread(Thread[Test worker,5,main])--SELECT algoId, algoDescription, algoHelp, algoIcon, algoName, algorithm, versionId, createdBy, createdDate, updatedBy, updatedDate, activeStatus, txnAccessCode FROM ast_PasswordAlgo_M WHERE (algoId = ?)
	bind => [C82BDD7A-A5BD-48CD-9186-2DFFBEF14A6E]
[EL Fine]: sql: 2016-01-12 12:41:53.176--ClientSession(400513424)--Connection(1728808874)--Thread(Thread[Test worker,5,main])--DELETE FROM ast_PasswordAlgo_M WHERE ((algoId = ?) AND (versionId = ?))
	bind => [C82BDD7A-A5BD-48CD-9186-2DFFBEF14A6E, 2]
]]></system-out>
  <system-err><![CDATA[]]></system-err>
</testsuite>
